# JRE version: OpenJDK Runtime Environment Temurin-21.0.6+7 (21.0.6+7) (build 21.0.6+7-LTS)
# Java VM: OpenJDK 64-Bit Server VM Temurin-21.0.6+7 (21.0.6+7-LTS, mixed mode, sharing, tiered, compressed oops, compressed class ptrs, parallel gc, windows-amd64)
GC Precious Log:
 CardTable entry size: 512
 CPUs: 16 total, 16 available
 Memory: 15742M
 Large Page Support: Disabled
 NUMA Support: Disabled
 Compressed Oops: Enabled (32-bit)
 Alignments: Space 512K, Generation 512K, Heap 2M
 Heap Min Capacity: 100M
 Heap Initial Capacity: 100M
 Heap Max Capacity: 1G
 Pre-touch: Disabled
 Parallel Workers: 13
Heap:
 PSYoungGen      total 4096K, used 1429K [0x00000000eab00000, 0x00000000eb000000, 0x0000000100000000)
  eden space 3072K, 27% used [0x00000000eab00000,0x00000000eabd5550,0x00000000eae00000)
  from space 1024K, 56% used [0x00000000eaf00000,0x00000000eaf90000,0x00000000eb000000)
  to   space 1024K, 0% used [0x00000000eae00000,0x00000000eae00000,0x00000000eaf00000)
 ParOldGen       total 659968K, used 416920K [0x00000000c0000000, 0x00000000e8480000, 0x00000000eab00000)
  object space 659968K, 63% used [0x00000000c0000000,0x00000000d9726298,0x00000000e8480000)
 Metaspace       used 75235K, committed 76864K, reserved 1179648K
  class space    used 7415K, committed 8128K, reserved 1048576K
GC Heap History (20 events):
Event: 56.331 GC heap before
{Heap before GC invocations=2108 (full 4):
 PSYoungGen      total 4608K, used 4606K [0x00000000eab00000, 0x00000000eb100000, 0x0000000100000000)
  eden space 4096K, 100% used [0x00000000eab00000,0x00000000eaf00000,0x00000000eaf00000)
  from space 512K, 99% used [0x00000000eaf80000,0x00000000eafff810,0x00000000eb000000)
  to   space 1024K, 0% used [0x00000000eb000000,0x00000000eb000000,0x00000000eb100000)
 ParOldGen       total 659968K, used 409873K [0x00000000c0000000, 0x00000000e8480000, 0x00000000eab00000)
  object space 659968K, 62% used [0x00000000c0000000,0x00000000d9044558,0x00000000e8480000)
 Metaspace       used 75081K, committed 76672K, reserved 1179648K
  class space    used 7402K, committed 8064K, reserved 1048576K
}
Event: 56.335 GC heap after
{Heap after GC invocations=2108 (full 4):
 PSYoungGen      total 4608K, used 416K [0x00000000eab00000, 0x00000000eb080000, 0x0000000100000000)
  eden space 4096K, 0% used [0x00000000eab00000,0x00000000eab00000,0x00000000eaf00000)
  from space 512K, 81% used [0x00000000eb000000,0x00000000eb068000,0x00000000eb080000)
  to   space 512K, 0% used [0x00000000eaf80000,0x00000000eaf80000,0x00000000eb000000)
 ParOldGen       total 659968K, used 410093K [0x00000000c0000000, 0x00000000e8480000, 0x00000000eab00000)
  object space 659968K, 62% used [0x00000000c0000000,0x00000000d907b7b0,0x00000000e8480000)
 Metaspace       used 75081K, committed 76672K, reserved 1179648K
  class space    used 7402K, committed 8064K, reserved 1048576K
}
Event: 56.410 GC heap before
{Heap before GC invocations=2109 (full 4):
 PSYoungGen      total 4608K, used 4512K [0x00000000eab00000, 0x00000000eb080000, 0x0000000100000000)
  eden space 4096K, 100% used [0x00000000eab00000,0x00000000eaf00000,0x00000000eaf00000)
  from space 512K, 81% used [0x00000000eb000000,0x00000000eb068000,0x00000000eb080000)
  to   space 512K, 0% used [0x00000000eaf80000,0x00000000eaf80000,0x00000000eb000000)
 ParOldGen       total 659968K, used 410093K [0x00000000c0000000, 0x00000000e8480000, 0x00000000eab00000)
  object space 659968K, 62% used [0x00000000c0000000,0x00000000d907b7b0,0x00000000e8480000)
 Metaspace       used 75161K, committed 76864K, reserved 1179648K
  class space    used 7410K, committed 8128K, reserved 1048576K
}
Event: 56.412 GC heap after
{Heap after GC invocations=2109 (full 4):
 PSYoungGen      total 4608K, used 480K [0x00000000eab00000, 0x00000000eb100000, 0x0000000100000000)
  eden space 4096K, 0% used [0x00000000eab00000,0x00000000eab00000,0x00000000eaf00000)
  from space 512K, 93% used [0x00000000eaf80000,0x00000000eaff8010,0x00000000eb000000)
  to   space 1024K, 0% used [0x00000000eb000000,0x00000000eb000000,0x00000000eb100000)
 ParOldGen       total 659968K, used 410509K [0x00000000c0000000, 0x00000000e8480000, 0x00000000eab00000)
  object space 659968K, 62% used [0x00000000c0000000,0x00000000d90e3640,0x00000000e8480000)
 Metaspace       used 75161K, committed 76864K, reserved 1179648K
  class space    used 7410K, committed 8128K, reserved 1048576K
}
Event: 56.456 GC heap before
{Heap before GC invocations=2110 (full 4):
 PSYoungGen      total 4608K, used 4576K [0x00000000eab00000, 0x00000000eb100000, 0x0000000100000000)
  eden space 4096K, 100% used [0x00000000eab00000,0x00000000eaf00000,0x00000000eaf00000)
  from space 512K, 93% used [0x00000000eaf80000,0x00000000eaff8010,0x00000000eb000000)
  to   space 1024K, 0% used [0x00000000eb000000,0x00000000eb000000,0x00000000eb100000)
 ParOldGen       total 659968K, used 410509K [0x00000000c0000000, 0x00000000e8480000, 0x00000000eab00000)
  object space 659968K, 62% used [0x00000000c0000000,0x00000000d90e3640,0x00000000e8480000)
 Metaspace       used 75166K, committed 76864K, reserved 1179648K
  class space    used 7411K, committed 8128K, reserved 1048576K
}
Event: 56.458 GC heap after
{Heap after GC invocations=2110 (full 4):
 PSYoungGen      total 4096K, used 992K [0x00000000eab00000, 0x00000000eb300000, 0x0000000100000000)
  eden space 3072K, 0% used [0x00000000eab00000,0x00000000eab00000,0x00000000eae00000)
  from space 1024K, 96% used [0x00000000eb000000,0x00000000eb0f8020,0x00000000eb100000)
  to   space 2048K, 0% used [0x00000000eae00000,0x00000000eae00000,0x00000000eb000000)
 ParOldGen       total 659968K, used 411293K [0x00000000c0000000, 0x00000000e8480000, 0x00000000eab00000)
  object space 659968K, 62% used [0x00000000c0000000,0x00000000d91a7640,0x00000000e8480000)
 Metaspace       used 75166K, committed 76864K, reserved 1179648K
  class space    used 7411K, committed 8128K, reserved 1048576K
}
Event: 56.509 GC heap before
{Heap before GC invocations=2111 (full 4):
 PSYoungGen      total 4096K, used 4064K [0x00000000eab00000, 0x00000000eb300000, 0x0000000100000000)
  eden space 3072K, 100% used [0x00000000eab00000,0x00000000eae00000,0x00000000eae00000)
  from space 1024K, 96% used [0x00000000eb000000,0x00000000eb0f8020,0x00000000eb100000)
  to   space 2048K, 0% used [0x00000000eae00000,0x00000000eae00000,0x00000000eb000000)
 ParOldGen       total 659968K, used 411293K [0x00000000c0000000, 0x00000000e8480000, 0x00000000eab00000)
  object space 659968K, 62% used [0x00000000c0000000,0x00000000d91a7640,0x00000000e8480000)
 Metaspace       used 75179K, committed 76864K, reserved 1179648K
  class space    used 7413K, committed 8128K, reserved 1048576K
}
Event: 56.511 GC heap after
{Heap after GC invocations=2111 (full 4):
 PSYoungGen      total 3584K, used 448K [0x00000000eab00000, 0x00000000eb080000, 0x0000000100000000)
  eden space 3072K, 0% used [0x00000000eab00000,0x00000000eab00000,0x00000000eae00000)
  from space 512K, 87% used [0x00000000eae00000,0x00000000eae70000,0x00000000eae80000)
  to   space 1024K, 0% used [0x00000000eaf80000,0x00000000eaf80000,0x00000000eb080000)
 ParOldGen       total 659968K, used 412333K [0x00000000c0000000, 0x00000000e8480000, 0x00000000eab00000)
  object space 659968K, 62% used [0x00000000c0000000,0x00000000d92ab660,0x00000000e8480000)
 Metaspace       used 75179K, committed 76864K, reserved 1179648K
  class space    used 7413K, committed 8128K, reserved 1048576K
}
Event: 56.552 GC heap before
{Heap before GC invocations=2112 (full 4):
 PSYoungGen      total 3584K, used 3520K [0x00000000eab00000, 0x00000000eb080000, 0x0000000100000000)
  eden space 3072K, 100% used [0x00000000eab00000,0x00000000eae00000,0x00000000eae00000)
  from space 512K, 87% used [0x00000000eae00000,0x00000000eae70000,0x00000000eae80000)
  to   space 1024K, 0% used [0x00000000eaf80000,0x00000000eaf80000,0x00000000eb080000)
 ParOldGen       total 659968K, used 412333K [0x00000000c0000000, 0x00000000e8480000, 0x00000000eab00000)
  object space 659968K, 62% used [0x00000000c0000000,0x00000000d92ab660,0x00000000e8480000)
 Metaspace       used 75180K, committed 76864K, reserved 1179648K
  class space    used 7413K, committed 8128K, reserved 1048576K
}
Event: 56.553 GC heap after
{Heap after GC invocations=2112 (full 4):
 PSYoungGen      total 4096K, used 544K [0x00000000eab00000, 0x00000000eb080000, 0x0000000100000000)
  eden space 3072K, 0% used [0x00000000eab00000,0x00000000eab00000,0x00000000eae00000)
  from space 1024K, 53% used [0x00000000eaf80000,0x00000000eb008020,0x00000000eb080000)
  to   space 1024K, 0% used [0x00000000eae80000,0x00000000eae80000,0x00000000eaf80000)
 ParOldGen       total 659968K, used 412581K [0x00000000c0000000, 0x00000000e8480000, 0x00000000eab00000)
  object space 659968K, 62% used [0x00000000c0000000,0x00000000d92e9660,0x00000000e8480000)
 Metaspace       used 75180K, committed 76864K, reserved 1179648K
  class space    used 7413K, committed 8128K, reserved 1048576K
}
Event: 56.574 GC heap before
{Heap before GC invocations=2113 (full 4):
 PSYoungGen      total 4096K, used 3616K [0x00000000eab00000, 0x00000000eb080000, 0x0000000100000000)
  eden space 3072K, 100% used [0x00000000eab00000,0x00000000eae00000,0x00000000eae00000)
  from space 1024K, 53% used [0x00000000eaf80000,0x00000000eb008020,0x00000000eb080000)
  to   space 1024K, 0% used [0x00000000eae80000,0x00000000eae80000,0x00000000eaf80000)
 ParOldGen       total 659968K, used 412581K [0x00000000c0000000, 0x00000000e8480000, 0x00000000eab00000)
  object space 659968K, 62% used [0x00000000c0000000,0x00000000d92e9660,0x00000000e8480000)
 Metaspace       used 75180K, committed 76864K, reserved 1179648K
  class space    used 7413K, committed 8128K, reserved 1048576K
}
Event: 56.577 GC heap after
{Heap after GC invocations=2113 (full 4):
 PSYoungGen      total 4096K, used 416K [0x00000000eab00000, 0x00000000eb000000, 0x0000000100000000)
  eden space 3072K, 0% used [0x00000000eab00000,0x00000000eab00000,0x00000000eae00000)
  from space 1024K, 40% used [0x00000000eae80000,0x00000000eaee8000,0x00000000eaf80000)
  to   space 512K, 0% used [0x00000000eaf80000,0x00000000eaf80000,0x00000000eb000000)
 ParOldGen       total 659968K, used 413013K [0x00000000c0000000, 0x00000000e8480000, 0x00000000eab00000)
  object space 659968K, 62% used [0x00000000c0000000,0x00000000d9355680,0x00000000e8480000)
 Metaspace       used 75180K, committed 76864K, reserved 1179648K
  class space    used 7413K, committed 8128K, reserved 1048576K
}
Event: 56.596 GC heap before
{Heap before GC invocations=2114 (full 4):
 PSYoungGen      total 4096K, used 3487K [0x00000000eab00000, 0x00000000eb000000, 0x0000000100000000)
  eden space 3072K, 99% used [0x00000000eab00000,0x00000000eadfffc0,0x00000000eae00000)
  from space 1024K, 40% used [0x00000000eae80000,0x00000000eaee8000,0x00000000eaf80000)
  to   space 512K, 0% used [0x00000000eaf80000,0x00000000eaf80000,0x00000000eb000000)
 ParOldGen       total 659968K, used 413013K [0x00000000c0000000, 0x00000000e8480000, 0x00000000eab00000)
  object space 659968K, 62% used [0x00000000c0000000,0x00000000d9355680,0x00000000e8480000)
 Metaspace       used 75180K, committed 76864K, reserved 1179648K
  class space    used 7413K, committed 8128K, reserved 1048576K
}
Event: 56.597 GC heap after
{Heap after GC invocations=2114 (full 4):
 PSYoungGen      total 3584K, used 480K [0x00000000eab00000, 0x00000000eb000000, 0x0000000100000000)
  eden space 3072K, 0% used [0x00000000eab00000,0x00000000eab00000,0x00000000eae00000)
  from space 512K, 93% used [0x00000000eaf80000,0x00000000eaff8020,0x00000000eb000000)
  to   space 512K, 0% used [0x00000000eaf00000,0x00000000eaf00000,0x00000000eaf80000)
 ParOldGen       total 659968K, used 413314K [0x00000000c0000000, 0x00000000e8480000, 0x00000000eab00000)
  object space 659968K, 62% used [0x00000000c0000000,0x00000000d93a0918,0x00000000e8480000)
 Metaspace       used 75180K, committed 76864K, reserved 1179648K
  class space    used 7413K, committed 8128K, reserved 1048576K
}
Event: 56.678 GC heap before
{Heap before GC invocations=2115 (full 4):
 PSYoungGen      total 3584K, used 3552K [0x00000000eab00000, 0x00000000eb000000, 0x0000000100000000)
  eden space 3072K, 99% used [0x00000000eab00000,0x00000000eadffff0,0x00000000eae00000)
  from space 512K, 93% used [0x00000000eaf80000,0x00000000eaff8020,0x00000000eb000000)
  to   space 512K, 0% used [0x00000000eaf00000,0x00000000eaf00000,0x00000000eaf80000)
 ParOldGen       total 659968K, used 413314K [0x00000000c0000000, 0x00000000e8480000, 0x00000000eab00000)
  object space 659968K, 62% used [0x00000000c0000000,0x00000000d93a0918,0x00000000e8480000)
 Metaspace       used 75187K, committed 76864K, reserved 1179648K
  class space    used 7413K, committed 8128K, reserved 1048576K
}
Event: 56.680 GC heap after
{Heap after GC invocations=2115 (full 4):
 PSYoungGen      total 3584K, used 512K [0x00000000eab00000, 0x00000000eb100000, 0x0000000100000000)
  eden space 3072K, 0% used [0x00000000eab00000,0x00000000eab00000,0x00000000eae00000)
  from space 512K, 100% used [0x00000000eaf00000,0x00000000eaf80000,0x00000000eaf80000)
  to   space 1536K, 0% used [0x00000000eaf80000,0x00000000eaf80000,0x00000000eb100000)
 ParOldGen       total 659968K, used 413830K [0x00000000c0000000, 0x00000000e8480000, 0x00000000eab00000)
  object space 659968K, 62% used [0x00000000c0000000,0x00000000d9421958,0x00000000e8480000)
 Metaspace       used 75187K, committed 76864K, reserved 1179648K
  class space    used 7413K, committed 8128K, reserved 1048576K
}
Event: 56.743 GC heap before
{Heap before GC invocations=2116 (full 4):
 PSYoungGen      total 3584K, used 3584K [0x00000000eab00000, 0x00000000eb100000, 0x0000000100000000)
  eden space 3072K, 100% used [0x00000000eab00000,0x00000000eae00000,0x00000000eae00000)
  from space 512K, 100% used [0x00000000eaf00000,0x00000000eaf80000,0x00000000eaf80000)
  to   space 1536K, 0% used [0x00000000eaf80000,0x00000000eaf80000,0x00000000eb100000)
 ParOldGen       total 659968K, used 413830K [0x00000000c0000000, 0x00000000e8480000, 0x00000000eab00000)
  object space 659968K, 62% used [0x00000000c0000000,0x00000000d9421958,0x00000000e8480000)
 Metaspace       used 75203K, committed 76864K, reserved 1179648K
  class space    used 7415K, committed 8128K, reserved 1048576K
}
Event: 56.745 GC heap after
{Heap after GC invocations=2116 (full 4):
 PSYoungGen      total 3584K, used 480K [0x00000000eab00000, 0x00000000eb000000, 0x0000000100000000)
  eden space 3072K, 0% used [0x00000000eab00000,0x00000000eab00000,0x00000000eae00000)
  from space 512K, 93% used [0x00000000eaf80000,0x00000000eaff8000,0x00000000eb000000)
  to   space 1024K, 0% used [0x00000000eae00000,0x00000000eae00000,0x00000000eaf00000)
 ParOldGen       total 659968K, used 414372K [0x00000000c0000000, 0x00000000e8480000, 0x00000000eab00000)
  object space 659968K, 62% used [0x00000000c0000000,0x00000000d94a9068,0x00000000e8480000)
 Metaspace       used 75203K, committed 76864K, reserved 1179648K
  class space    used 7415K, committed 8128K, reserved 1048576K
}
Event: 56.781 GC heap before
{Heap before GC invocations=2117 (full 4):
 PSYoungGen      total 3584K, used 3552K [0x00000000eab00000, 0x00000000eb000000, 0x0000000100000000)
  eden space 3072K, 100% used [0x00000000eab00000,0x00000000eae00000,0x00000000eae00000)
  from space 512K, 93% used [0x00000000eaf80000,0x00000000eaff8000,0x00000000eb000000)
  to   space 1024K, 0% used [0x00000000eae00000,0x00000000eae00000,0x00000000eaf00000)
 ParOldGen       total 659968K, used 414372K [0x00000000c0000000, 0x00000000e8480000, 0x00000000eab00000)
  object space 659968K, 62% used [0x00000000c0000000,0x00000000d94a9068,0x00000000e8480000)
 Metaspace       used 75208K, committed 76864K, reserved 1179648K
  class space    used 7415K, committed 8128K, reserved 1048576K
}
Event: 56.782 GC heap after
{Heap after GC invocations=2117 (full 4):
 PSYoungGen      total 4096K, used 288K [0x00000000eab00000, 0x00000000eb000000, 0x0000000100000000)
  eden space 3072K, 0% used [0x00000000eab00000,0x00000000eab00000,0x00000000eae00000)
  from space 1024K, 28% used [0x00000000eae00000,0x00000000eae48000,0x00000000eaf00000)
  to   space 512K, 0% used [0x00000000eaf80000,0x00000000eaf80000,0x00000000eb000000)
 ParOldGen       total 659968K, used 414689K [0x00000000c0000000, 0x00000000e8480000, 0x00000000eab00000)
  object space 659968K, 62% used [0x00000000c0000000,0x00000000d94f8540,0x00000000e8480000)
 Metaspace       used 75208K, committed 76864K, reserved 1179648K
  class space    used 7415K, committed 8128K, reserved 1048576K
}

