# JRE version: OpenJDK Runtime Environment Temurin-21.0.6+7 (21.0.6+7) (build 21.0.6+7-LTS)
# Java VM: OpenJDK 64-Bit Server VM Temurin-21.0.6+7 (21.0.6+7-LTS, mixed mode, sharing, tiered, compressed oops, compressed class ptrs, parallel gc, windows-amd64)
GC Precious Log:
 CardTable entry size: 512
 CPUs: 16 total, 16 available
 Memory: 15742M
 Large Page Support: Disabled
 NUMA Support: Disabled
 Compressed Oops: Enabled (32-bit)
 Alignments: Space 512K, Generation 512K, Heap 2M
 Heap Min Capacity: 100M
 Heap Initial Capacity: 100M
 Heap Max Capacity: 1G
 Pre-touch: Disabled
 Parallel Workers: 13
Heap:
 PSYoungGen      total 14848K, used 14818K [0x00000000eab00000, 0x00000000ec200000, 0x0000000100000000)
  eden space 12288K, 100% used [0x00000000eab00000,0x00000000eb700000,0x00000000eb700000)
  from space 2560K, 98% used [0x00000000eb800000,0x00000000eba78ba0,0x00000000eba80000)
  to   space 5632K, 48% used [0x00000000ebc80000,0x00000000ebf30690,0x00000000ec200000)
 ParOldGen       total 99840K, used 99650K [0x00000000c0000000, 0x00000000c6180000, 0x00000000eab00000)
  object space 99840K, 99% used [0x00000000c0000000,0x00000000c6150b88,0x00000000c6180000)
 Metaspace       used 52454K, committed 53760K, reserved 1114112K
  class space    used 5498K, committed 6080K, reserved 1048576K
GC Heap History (20 events):
Event: 7.980 GC heap before
{Heap before GC invocations=36 (full 2):
 PSYoungGen      total 20480K, used 20288K [0x00000000eab00000, 0x00000000ec280000, 0x0000000100000000)
  eden space 16896K, 100% used [0x00000000eab00000,0x00000000ebb80000,0x00000000ebb80000)
  from space 3584K, 94% used [0x00000000ebb80000,0x00000000ebed0000,0x00000000ebf00000)
  to   space 3584K, 0% used [0x00000000ebf00000,0x00000000ebf00000,0x00000000ec280000)
 ParOldGen       total 69632K, used 69189K [0x00000000c0000000, 0x00000000c4400000, 0x00000000eab00000)
  object space 69632K, 99% used [0x00000000c0000000,0x00000000c43915d8,0x00000000c4400000)
 Metaspace       used 50715K, committed 52032K, reserved 1114112K
  class space    used 5273K, committed 5824K, reserved 1048576K
}
Event: 7.983 GC heap after
{Heap after GC invocations=36 (full 2):
 PSYoungGen      total 20480K, used 3051K [0x00000000eab00000, 0x00000000ec280000, 0x0000000100000000)
  eden space 16896K, 0% used [0x00000000eab00000,0x00000000eab00000,0x00000000ebb80000)
  from space 3584K, 85% used [0x00000000ebf00000,0x00000000ec1fac70,0x00000000ec280000)
  to   space 3584K, 0% used [0x00000000ebb80000,0x00000000ebb80000,0x00000000ebf00000)
 ParOldGen       total 72704K, used 72272K [0x00000000c0000000, 0x00000000c4700000, 0x00000000eab00000)
  object space 72704K, 99% used [0x00000000c0000000,0x00000000c46942c0,0x00000000c4700000)
 Metaspace       used 50715K, committed 52032K, reserved 1114112K
  class space    used 5273K, committed 5824K, reserved 1048576K
}
Event: 8.109 GC heap before
{Heap before GC invocations=37 (full 2):
 PSYoungGen      total 20480K, used 19947K [0x00000000eab00000, 0x00000000ec280000, 0x0000000100000000)
  eden space 16896K, 100% used [0x00000000eab00000,0x00000000ebb80000,0x00000000ebb80000)
  from space 3584K, 85% used [0x00000000ebf00000,0x00000000ec1fac70,0x00000000ec280000)
  to   space 3584K, 0% used [0x00000000ebb80000,0x00000000ebb80000,0x00000000ebf00000)
 ParOldGen       total 72704K, used 72272K [0x00000000c0000000, 0x00000000c4700000, 0x00000000eab00000)
  object space 72704K, 99% used [0x00000000c0000000,0x00000000c46942c0,0x00000000c4700000)
 Metaspace       used 51056K, committed 52352K, reserved 1114112K
  class space    used 5317K, committed 5888K, reserved 1048576K
}
Event: 8.113 GC heap after
{Heap after GC invocations=37 (full 2):
 PSYoungGen      total 20480K, used 3350K [0x00000000eab00000, 0x00000000ec280000, 0x0000000100000000)
  eden space 16896K, 0% used [0x00000000eab00000,0x00000000eab00000,0x00000000ebb80000)
  from space 3584K, 93% used [0x00000000ebb80000,0x00000000ebec5930,0x00000000ebf00000)
  to   space 3584K, 0% used [0x00000000ebf00000,0x00000000ebf00000,0x00000000ec280000)
 ParOldGen       total 75264K, used 74993K [0x00000000c0000000, 0x00000000c4980000, 0x00000000eab00000)
  object space 75264K, 99% used [0x00000000c0000000,0x00000000c493c518,0x00000000c4980000)
 Metaspace       used 51056K, committed 52352K, reserved 1114112K
  class space    used 5317K, committed 5888K, reserved 1048576K
}
Event: 8.227 GC heap before
{Heap before GC invocations=38 (full 2):
 PSYoungGen      total 20480K, used 20246K [0x00000000eab00000, 0x00000000ec280000, 0x0000000100000000)
  eden space 16896K, 100% used [0x00000000eab00000,0x00000000ebb80000,0x00000000ebb80000)
  from space 3584K, 93% used [0x00000000ebb80000,0x00000000ebec5930,0x00000000ebf00000)
  to   space 3584K, 0% used [0x00000000ebf00000,0x00000000ebf00000,0x00000000ec280000)
 ParOldGen       total 75264K, used 74993K [0x00000000c0000000, 0x00000000c4980000, 0x00000000eab00000)
  object space 75264K, 99% used [0x00000000c0000000,0x00000000c493c518,0x00000000c4980000)
 Metaspace       used 51574K, committed 52864K, reserved 1114112K
  class space    used 5371K, committed 5888K, reserved 1048576K
}
Event: 8.231 GC heap after
{Heap after GC invocations=38 (full 2):
 PSYoungGen      total 19968K, used 3544K [0x00000000eab00000, 0x00000000ec380000, 0x0000000100000000)
  eden space 16384K, 0% used [0x00000000eab00000,0x00000000eab00000,0x00000000ebb00000)
  from space 3584K, 98% used [0x00000000ebf00000,0x00000000ec276070,0x00000000ec280000)
  to   space 4096K, 0% used [0x00000000ebb00000,0x00000000ebb00000,0x00000000ebf00000)
 ParOldGen       total 78336K, used 78084K [0x00000000c0000000, 0x00000000c4c80000, 0x00000000eab00000)
  object space 78336K, 99% used [0x00000000c0000000,0x00000000c4c41330,0x00000000c4c80000)
 Metaspace       used 51574K, committed 52864K, reserved 1114112K
  class space    used 5371K, committed 5888K, reserved 1048576K
}
Event: 8.425 GC heap before
{Heap before GC invocations=39 (full 2):
 PSYoungGen      total 19968K, used 19928K [0x00000000eab00000, 0x00000000ec380000, 0x0000000100000000)
  eden space 16384K, 100% used [0x00000000eab00000,0x00000000ebb00000,0x00000000ebb00000)
  from space 3584K, 98% used [0x00000000ebf00000,0x00000000ec276070,0x00000000ec280000)
  to   space 4096K, 0% used [0x00000000ebb00000,0x00000000ebb00000,0x00000000ebf00000)
 ParOldGen       total 78336K, used 78084K [0x00000000c0000000, 0x00000000c4c80000, 0x00000000eab00000)
  object space 78336K, 99% used [0x00000000c0000000,0x00000000c4c41330,0x00000000c4c80000)
 Metaspace       used 51765K, committed 53056K, reserved 1114112K
  class space    used 5397K, committed 5952K, reserved 1048576K
}
Event: 8.428 GC heap after
{Heap after GC invocations=39 (full 2):
 PSYoungGen      total 19968K, used 3502K [0x00000000eab00000, 0x00000000ec200000, 0x0000000100000000)
  eden space 16384K, 0% used [0x00000000eab00000,0x00000000eab00000,0x00000000ebb00000)
  from space 3584K, 97% used [0x00000000ebb00000,0x00000000ebe6b8c8,0x00000000ebe80000)
  to   space 3584K, 0% used [0x00000000ebe80000,0x00000000ebe80000,0x00000000ec200000)
 ParOldGen       total 81408K, used 81403K [0x00000000c0000000, 0x00000000c4f80000, 0x00000000eab00000)
  object space 81408K, 99% used [0x00000000c0000000,0x00000000c4f7ee80,0x00000000c4f80000)
 Metaspace       used 51765K, committed 53056K, reserved 1114112K
  class space    used 5397K, committed 5952K, reserved 1048576K
}
Event: 8.569 GC heap before
{Heap before GC invocations=40 (full 2):
 PSYoungGen      total 19968K, used 19886K [0x00000000eab00000, 0x00000000ec200000, 0x0000000100000000)
  eden space 16384K, 100% used [0x00000000eab00000,0x00000000ebb00000,0x00000000ebb00000)
  from space 3584K, 97% used [0x00000000ebb00000,0x00000000ebe6b8c8,0x00000000ebe80000)
  to   space 3584K, 0% used [0x00000000ebe80000,0x00000000ebe80000,0x00000000ec200000)
 ParOldGen       total 81408K, used 81403K [0x00000000c0000000, 0x00000000c4f80000, 0x00000000eab00000)
  object space 81408K, 99% used [0x00000000c0000000,0x00000000c4f7ee80,0x00000000c4f80000)
 Metaspace       used 52018K, committed 53312K, reserved 1114112K
  class space    used 5432K, committed 6016K, reserved 1048576K
}
Event: 8.572 GC heap after
{Heap after GC invocations=40 (full 2):
 PSYoungGen      total 15872K, used 3580K [0x00000000eab00000, 0x00000000eca00000, 0x0000000100000000)
  eden space 12288K, 0% used [0x00000000eab00000,0x00000000eab00000,0x00000000eb700000)
  from space 3584K, 99% used [0x00000000ebe80000,0x00000000ec1ff378,0x00000000ec200000)
  to   space 7680K, 0% used [0x00000000eb700000,0x00000000eb700000,0x00000000ebe80000)
 ParOldGen       total 84992K, used 84772K [0x00000000c0000000, 0x00000000c5300000, 0x00000000eab00000)
  object space 84992K, 99% used [0x00000000c0000000,0x00000000c52c9008,0x00000000c5300000)
 Metaspace       used 52018K, committed 53312K, reserved 1114112K
  class space    used 5432K, committed 6016K, reserved 1048576K
}
Event: 8.680 GC heap before
{Heap before GC invocations=41 (full 2):
 PSYoungGen      total 15872K, used 15868K [0x00000000eab00000, 0x00000000eca00000, 0x0000000100000000)
  eden space 12288K, 100% used [0x00000000eab00000,0x00000000eb700000,0x00000000eb700000)
  from space 3584K, 99% used [0x00000000ebe80000,0x00000000ec1ff378,0x00000000ec200000)
  to   space 7680K, 0% used [0x00000000eb700000,0x00000000eb700000,0x00000000ebe80000)
 ParOldGen       total 84992K, used 84772K [0x00000000c0000000, 0x00000000c5300000, 0x00000000eab00000)
  object space 84992K, 99% used [0x00000000c0000000,0x00000000c52c9008,0x00000000c5300000)
 Metaspace       used 52074K, committed 53376K, reserved 1114112K
  class space    used 5445K, committed 6016K, reserved 1048576K
}
Event: 8.683 GC heap after
{Heap after GC invocations=41 (full 2):
 PSYoungGen      total 14848K, used 2458K [0x00000000eab00000, 0x00000000ebf00000, 0x0000000100000000)
  eden space 12288K, 0% used [0x00000000eab00000,0x00000000eab00000,0x00000000eb700000)
  from space 2560K, 96% used [0x00000000eb700000,0x00000000eb966ac0,0x00000000eb980000)
  to   space 4096K, 0% used [0x00000000ebb00000,0x00000000ebb00000,0x00000000ebf00000)
 ParOldGen       total 88576K, used 88267K [0x00000000c0000000, 0x00000000c5680000, 0x00000000eab00000)
  object space 88576K, 99% used [0x00000000c0000000,0x00000000c5632e30,0x00000000c5680000)
 Metaspace       used 52074K, committed 53376K, reserved 1114112K
  class space    used 5445K, committed 6016K, reserved 1048576K
}
Event: 8.771 GC heap before
{Heap before GC invocations=42 (full 2):
 PSYoungGen      total 14848K, used 14746K [0x00000000eab00000, 0x00000000ebf00000, 0x0000000100000000)
  eden space 12288K, 100% used [0x00000000eab00000,0x00000000eb700000,0x00000000eb700000)
  from space 2560K, 96% used [0x00000000eb700000,0x00000000eb966ac0,0x00000000eb980000)
  to   space 4096K, 0% used [0x00000000ebb00000,0x00000000ebb00000,0x00000000ebf00000)
 ParOldGen       total 88576K, used 88267K [0x00000000c0000000, 0x00000000c5680000, 0x00000000eab00000)
  object space 88576K, 99% used [0x00000000c0000000,0x00000000c5632e30,0x00000000c5680000)
 Metaspace       used 52111K, committed 53376K, reserved 1114112K
  class space    used 5462K, committed 6016K, reserved 1048576K
}
Event: 8.773 GC heap after
{Heap after GC invocations=42 (full 2):
 PSYoungGen      total 14848K, used 2261K [0x00000000eab00000, 0x00000000ebd80000, 0x0000000100000000)
  eden space 12288K, 0% used [0x00000000eab00000,0x00000000eab00000,0x00000000eb700000)
  from space 2560K, 88% used [0x00000000ebb00000,0x00000000ebd35728,0x00000000ebd80000)
  to   space 3072K, 0% used [0x00000000eb780000,0x00000000eb780000,0x00000000eba80000)
 ParOldGen       total 90624K, used 90471K [0x00000000c0000000, 0x00000000c5880000, 0x00000000eab00000)
  object space 90624K, 99% used [0x00000000c0000000,0x00000000c5859dc8,0x00000000c5880000)
 Metaspace       used 52111K, committed 53376K, reserved 1114112K
  class space    used 5462K, committed 6016K, reserved 1048576K
}
Event: 8.850 GC heap before
{Heap before GC invocations=43 (full 2):
 PSYoungGen      total 14848K, used 14543K [0x00000000eab00000, 0x00000000ebd80000, 0x0000000100000000)
  eden space 12288K, 99% used [0x00000000eab00000,0x00000000eb6fe838,0x00000000eb700000)
  from space 2560K, 88% used [0x00000000ebb00000,0x00000000ebd35728,0x00000000ebd80000)
  to   space 3072K, 0% used [0x00000000eb780000,0x00000000eb780000,0x00000000eba80000)
 ParOldGen       total 90624K, used 90471K [0x00000000c0000000, 0x00000000c5880000, 0x00000000eab00000)
  object space 90624K, 99% used [0x00000000c0000000,0x00000000c5859dc8,0x00000000c5880000)
 Metaspace       used 52129K, committed 53376K, reserved 1114112K
  class space    used 5470K, committed 6016K, reserved 1048576K
}
Event: 8.852 GC heap after
{Heap after GC invocations=43 (full 2):
 PSYoungGen      total 15360K, used 2573K [0x00000000eab00000, 0x00000000ebd00000, 0x0000000100000000)
  eden space 12288K, 0% used [0x00000000eab00000,0x00000000eab00000,0x00000000eb700000)
  from space 3072K, 83% used [0x00000000eb780000,0x00000000eba035e0,0x00000000eba80000)
  to   space 2560K, 0% used [0x00000000eba80000,0x00000000eba80000,0x00000000ebd00000)
 ParOldGen       total 92672K, used 92534K [0x00000000c0000000, 0x00000000c5a80000, 0x00000000eab00000)
  object space 92672K, 99% used [0x00000000c0000000,0x00000000c5a5d970,0x00000000c5a80000)
 Metaspace       used 52129K, committed 53376K, reserved 1114112K
  class space    used 5470K, committed 6016K, reserved 1048576K
}
Event: 8.944 GC heap before
{Heap before GC invocations=44 (full 2):
 PSYoungGen      total 15360K, used 14861K [0x00000000eab00000, 0x00000000ebd00000, 0x0000000100000000)
  eden space 12288K, 100% used [0x00000000eab00000,0x00000000eb700000,0x00000000eb700000)
  from space 3072K, 83% used [0x00000000eb780000,0x00000000eba035e0,0x00000000eba80000)
  to   space 2560K, 0% used [0x00000000eba80000,0x00000000eba80000,0x00000000ebd00000)
 ParOldGen       total 92672K, used 92534K [0x00000000c0000000, 0x00000000c5a80000, 0x00000000eab00000)
  object space 92672K, 99% used [0x00000000c0000000,0x00000000c5a5d970,0x00000000c5a80000)
 Metaspace       used 52222K, committed 53440K, reserved 1114112K
  class space    used 5483K, committed 6016K, reserved 1048576K
}
Event: 8.946 GC heap after
{Heap after GC invocations=44 (full 2):
 PSYoungGen      total 14848K, used 2501K [0x00000000eab00000, 0x00000000ebd00000, 0x0000000100000000)
  eden space 12288K, 0% used [0x00000000eab00000,0x00000000eab00000,0x00000000eb700000)
  from space 2560K, 97% used [0x00000000eba80000,0x00000000ebcf1728,0x00000000ebd00000)
  to   space 2560K, 0% used [0x00000000eb800000,0x00000000eb800000,0x00000000eba80000)
 ParOldGen       total 95232K, used 94911K [0x00000000c0000000, 0x00000000c5d00000, 0x00000000eab00000)
  object space 95232K, 99% used [0x00000000c0000000,0x00000000c5cafea0,0x00000000c5d00000)
 Metaspace       used 52222K, committed 53440K, reserved 1114112K
  class space    used 5483K, committed 6016K, reserved 1048576K
}
Event: 9.010 GC heap before
{Heap before GC invocations=45 (full 2):
 PSYoungGen      total 14848K, used 14789K [0x00000000eab00000, 0x00000000ebd00000, 0x0000000100000000)
  eden space 12288K, 100% used [0x00000000eab00000,0x00000000eb700000,0x00000000eb700000)
  from space 2560K, 97% used [0x00000000eba80000,0x00000000ebcf1728,0x00000000ebd00000)
  to   space 2560K, 0% used [0x00000000eb800000,0x00000000eb800000,0x00000000eba80000)
 ParOldGen       total 95232K, used 94911K [0x00000000c0000000, 0x00000000c5d00000, 0x00000000eab00000)
  object space 95232K, 99% used [0x00000000c0000000,0x00000000c5cafea0,0x00000000c5d00000)
 Metaspace       used 52266K, committed 53504K, reserved 1114112K
  class space    used 5488K, committed 6016K, reserved 1048576K
}
Event: 9.012 GC heap after
{Heap after GC invocations=45 (full 2):
 PSYoungGen      total 14848K, used 2530K [0x00000000eab00000, 0x00000000ec200000, 0x0000000100000000)
  eden space 12288K, 0% used [0x00000000eab00000,0x00000000eab00000,0x00000000eb700000)
  from space 2560K, 98% used [0x00000000eb800000,0x00000000eba78ba0,0x00000000eba80000)
  to   space 5632K, 0% used [0x00000000ebc80000,0x00000000ebc80000,0x00000000ec200000)
 ParOldGen       total 97792K, used 97320K [0x00000000c0000000, 0x00000000c5f80000, 0x00000000eab00000)
  object space 97792K, 99% used [0x00000000c0000000,0x00000000c5f0a3d0,0x00000000c5f80000)
 Metaspace       used 52266K, committed 53504K, reserved 1114112K
  class space    used 5488K, committed 6016K, reserved 1048576K
}

