# JRE version: OpenJDK Runtime Environment Temurin-21.0.6+7 (21.0.6+7) (build 21.0.6+7-LTS)
# Java VM: OpenJDK 64-Bit Server VM Temurin-21.0.6+7 (21.0.6+7-LTS, mixed mode, sharing, tiered, compressed oops, compressed class ptrs, parallel gc, windows-amd64)
GC Precious Log:
 CardTable entry size: 512
 CPUs: 16 total, 16 available
 Memory: 15742M
 Large Page Support: Disabled
 NUMA Support: Disabled
 Compressed Oops: Enabled (32-bit)
 Alignments: Space 512K, Generation 512K, Heap 2M
 Heap Min Capacity: 100M
 Heap Initial Capacity: 100M
 Heap Max Capacity: 1G
 Pre-touch: Disabled
 Parallel Workers: 13
Heap:
 PSYoungGen      total 4608K, used 1436K [0x00000000eab00000, 0x00000000eb100000, 0x0000000100000000)
  eden space 3584K, 16% used [0x00000000eab00000,0x00000000eab91f38,0x00000000eae80000)
  from space 1024K, 83% used [0x00000000eb000000,0x00000000eb0d5200,0x00000000eb100000)
  to   space 1024K, 0% used [0x00000000eae80000,0x00000000eae80000,0x00000000eaf80000)
 ParOldGen       total 241152K, used 240843K [0x00000000c0000000, 0x00000000ceb80000, 0x00000000eab00000)
  object space 241152K, 99% used [0x00000000c0000000,0x00000000ceb32cc0,0x00000000ceb80000)
 Metaspace       used 69431K, committed 70976K, reserved 1114112K
  class space    used 6765K, committed 7488K, reserved 1048576K
GC Heap History (20 events):
Event: 60.331 GC heap before
{Heap before GC invocations=718 (full 4):
 PSYoungGen      total 4608K, used 4143K [0x00000000eab00000, 0x00000000eb080000, 0x0000000100000000)
  eden space 3584K, 99% used [0x00000000eab00000,0x00000000eae7ffe8,0x00000000eae80000)
  from space 1024K, 54% used [0x00000000eae80000,0x00000000eaf0c010,0x00000000eaf80000)
  to   space 1024K, 0% used [0x00000000eaf80000,0x00000000eaf80000,0x00000000eb080000)
 ParOldGen       total 234496K, used 234290K [0x00000000c0000000, 0x00000000ce500000, 0x00000000eab00000)
  object space 234496K, 99% used [0x00000000c0000000,0x00000000ce4ccab8,0x00000000ce500000)
 Metaspace       used 69385K, committed 70976K, reserved 1114112K
  class space    used 6765K, committed 7488K, reserved 1048576K
}
Event: 60.333 GC heap after
{Heap after GC invocations=718 (full 4):
 PSYoungGen      total 4608K, used 832K [0x00000000eab00000, 0x00000000eb080000, 0x0000000100000000)
  eden space 3584K, 0% used [0x00000000eab00000,0x00000000eab00000,0x00000000eae80000)
  from space 1024K, 81% used [0x00000000eaf80000,0x00000000eb050000,0x00000000eb080000)
  to   space 1024K, 0% used [0x00000000eae80000,0x00000000eae80000,0x00000000eaf80000)
 ParOldGen       total 235008K, used 234666K [0x00000000c0000000, 0x00000000ce580000, 0x00000000eab00000)
  object space 235008K, 99% used [0x00000000c0000000,0x00000000ce52aad8,0x00000000ce580000)
 Metaspace       used 69385K, committed 70976K, reserved 1114112K
  class space    used 6765K, committed 7488K, reserved 1048576K
}
Event: 60.384 GC heap before
{Heap before GC invocations=719 (full 4):
 PSYoungGen      total 4608K, used 4400K [0x00000000eab00000, 0x00000000eb080000, 0x0000000100000000)
  eden space 3584K, 99% used [0x00000000eab00000,0x00000000eae7c3c0,0x00000000eae80000)
  from space 1024K, 81% used [0x00000000eaf80000,0x00000000eb050000,0x00000000eb080000)
  to   space 1024K, 0% used [0x00000000eae80000,0x00000000eae80000,0x00000000eaf80000)
 ParOldGen       total 235008K, used 234666K [0x00000000c0000000, 0x00000000ce580000, 0x00000000eab00000)
  object space 235008K, 99% used [0x00000000c0000000,0x00000000ce52aad8,0x00000000ce580000)
 Metaspace       used 69386K, committed 70976K, reserved 1114112K
  class space    used 6765K, committed 7488K, reserved 1048576K
}
Event: 60.387 GC heap after
{Heap after GC invocations=719 (full 4):
 PSYoungGen      total 4608K, used 736K [0x00000000eab00000, 0x00000000eb080000, 0x0000000100000000)
  eden space 3584K, 0% used [0x00000000eab00000,0x00000000eab00000,0x00000000eae80000)
  from space 1024K, 71% used [0x00000000eae80000,0x00000000eaf38000,0x00000000eaf80000)
  to   space 1024K, 0% used [0x00000000eaf80000,0x00000000eaf80000,0x00000000eb080000)
 ParOldGen       total 235520K, used 235254K [0x00000000c0000000, 0x00000000ce600000, 0x00000000eab00000)
  object space 235520K, 99% used [0x00000000c0000000,0x00000000ce5bdae8,0x00000000ce600000)
 Metaspace       used 69386K, committed 70976K, reserved 1114112K
  class space    used 6765K, committed 7488K, reserved 1048576K
}
Event: 60.417 GC heap before
{Heap before GC invocations=720 (full 4):
 PSYoungGen      total 4608K, used 4319K [0x00000000eab00000, 0x00000000eb080000, 0x0000000100000000)
  eden space 3584K, 99% used [0x00000000eab00000,0x00000000eae7fff0,0x00000000eae80000)
  from space 1024K, 71% used [0x00000000eae80000,0x00000000eaf38000,0x00000000eaf80000)
  to   space 1024K, 0% used [0x00000000eaf80000,0x00000000eaf80000,0x00000000eb080000)
 ParOldGen       total 235520K, used 235254K [0x00000000c0000000, 0x00000000ce600000, 0x00000000eab00000)
  object space 235520K, 99% used [0x00000000c0000000,0x00000000ce5bdae8,0x00000000ce600000)
 Metaspace       used 69387K, committed 70976K, reserved 1114112K
  class space    used 6765K, committed 7488K, reserved 1048576K
}
Event: 60.420 GC heap after
{Heap after GC invocations=720 (full 4):
 PSYoungGen      total 4608K, used 672K [0x00000000eab00000, 0x00000000eb080000, 0x0000000100000000)
  eden space 3584K, 0% used [0x00000000eab00000,0x00000000eab00000,0x00000000eae80000)
  from space 1024K, 65% used [0x00000000eaf80000,0x00000000eb028000,0x00000000eb080000)
  to   space 1024K, 0% used [0x00000000eae80000,0x00000000eae80000,0x00000000eaf80000)
 ParOldGen       total 236032K, used 235810K [0x00000000c0000000, 0x00000000ce680000, 0x00000000eab00000)
  object space 236032K, 99% used [0x00000000c0000000,0x00000000ce648af8,0x00000000ce680000)
 Metaspace       used 69387K, committed 70976K, reserved 1114112K
  class space    used 6765K, committed 7488K, reserved 1048576K
}
Event: 60.700 GC heap before
{Heap before GC invocations=721 (full 4):
 PSYoungGen      total 4608K, used 4256K [0x00000000eab00000, 0x00000000eb080000, 0x0000000100000000)
  eden space 3584K, 100% used [0x00000000eab00000,0x00000000eae80000,0x00000000eae80000)
  from space 1024K, 65% used [0x00000000eaf80000,0x00000000eb028000,0x00000000eb080000)
  to   space 1024K, 0% used [0x00000000eae80000,0x00000000eae80000,0x00000000eaf80000)
 ParOldGen       total 236032K, used 235810K [0x00000000c0000000, 0x00000000ce680000, 0x00000000eab00000)
  object space 236032K, 99% used [0x00000000c0000000,0x00000000ce648af8,0x00000000ce680000)
 Metaspace       used 69420K, committed 70976K, reserved 1114112K
  class space    used 6765K, committed 7488K, reserved 1048576K
}
Event: 60.702 GC heap after
{Heap after GC invocations=721 (full 4):
 PSYoungGen      total 4608K, used 692K [0x00000000eab00000, 0x00000000eb080000, 0x0000000100000000)
  eden space 3584K, 0% used [0x00000000eab00000,0x00000000eab00000,0x00000000eae80000)
  from space 1024K, 67% used [0x00000000eae80000,0x00000000eaf2d200,0x00000000eaf80000)
  to   space 1024K, 0% used [0x00000000eaf80000,0x00000000eaf80000,0x00000000eb080000)
 ParOldGen       total 236544K, used 236280K [0x00000000c0000000, 0x00000000ce700000, 0x00000000eab00000)
  object space 236544K, 99% used [0x00000000c0000000,0x00000000ce6be278,0x00000000ce700000)
 Metaspace       used 69420K, committed 70976K, reserved 1114112K
  class space    used 6765K, committed 7488K, reserved 1048576K
}
Event: 60.899 GC heap before
{Heap before GC invocations=722 (full 4):
 PSYoungGen      total 4608K, used 4276K [0x00000000eab00000, 0x00000000eb080000, 0x0000000100000000)
  eden space 3584K, 100% used [0x00000000eab00000,0x00000000eae80000,0x00000000eae80000)
  from space 1024K, 67% used [0x00000000eae80000,0x00000000eaf2d200,0x00000000eaf80000)
  to   space 1024K, 0% used [0x00000000eaf80000,0x00000000eaf80000,0x00000000eb080000)
 ParOldGen       total 236544K, used 236280K [0x00000000c0000000, 0x00000000ce700000, 0x00000000eab00000)
  object space 236544K, 99% used [0x00000000c0000000,0x00000000ce6be278,0x00000000ce700000)
 Metaspace       used 69420K, committed 70976K, reserved 1114112K
  class space    used 6765K, committed 7488K, reserved 1048576K
}
Event: 60.905 GC heap after
{Heap after GC invocations=722 (full 4):
 PSYoungGen      total 4608K, used 640K [0x00000000eab00000, 0x00000000eb080000, 0x0000000100000000)
  eden space 3584K, 0% used [0x00000000eab00000,0x00000000eab00000,0x00000000eae80000)
  from space 1024K, 62% used [0x00000000eaf80000,0x00000000eb020000,0x00000000eb080000)
  to   space 1024K, 0% used [0x00000000eae80000,0x00000000eae80000,0x00000000eaf80000)
 ParOldGen       total 237056K, used 236784K [0x00000000c0000000, 0x00000000ce780000, 0x00000000eab00000)
  object space 237056K, 99% used [0x00000000c0000000,0x00000000ce73c098,0x00000000ce780000)
 Metaspace       used 69420K, committed 70976K, reserved 1114112K
  class space    used 6765K, committed 7488K, reserved 1048576K
}
Event: 60.940 GC heap before
{Heap before GC invocations=723 (full 4):
 PSYoungGen      total 4608K, used 4210K [0x00000000eab00000, 0x00000000eb080000, 0x0000000100000000)
  eden space 3584K, 99% used [0x00000000eab00000,0x00000000eae7c970,0x00000000eae80000)
  from space 1024K, 62% used [0x00000000eaf80000,0x00000000eb020000,0x00000000eb080000)
  to   space 1024K, 0% used [0x00000000eae80000,0x00000000eae80000,0x00000000eaf80000)
 ParOldGen       total 237056K, used 236784K [0x00000000c0000000, 0x00000000ce780000, 0x00000000eab00000)
  object space 237056K, 99% used [0x00000000c0000000,0x00000000ce73c098,0x00000000ce780000)
 Metaspace       used 69420K, committed 70976K, reserved 1114112K
  class space    used 6765K, committed 7488K, reserved 1048576K
}
Event: 60.942 GC heap after
{Heap after GC invocations=723 (full 4):
 PSYoungGen      total 4608K, used 672K [0x00000000eab00000, 0x00000000eb080000, 0x0000000100000000)
  eden space 3584K, 0% used [0x00000000eab00000,0x00000000eab00000,0x00000000eae80000)
  from space 1024K, 65% used [0x00000000eae80000,0x00000000eaf28000,0x00000000eaf80000)
  to   space 1024K, 0% used [0x00000000eaf80000,0x00000000eaf80000,0x00000000eb080000)
 ParOldGen       total 237568K, used 237280K [0x00000000c0000000, 0x00000000ce800000, 0x00000000eab00000)
  object space 237568K, 99% used [0x00000000c0000000,0x00000000ce7b80b8,0x00000000ce800000)
 Metaspace       used 69420K, committed 70976K, reserved 1114112K
  class space    used 6765K, committed 7488K, reserved 1048576K
}
Event: 60.961 GC heap before
{Heap before GC invocations=724 (full 4):
 PSYoungGen      total 4608K, used 4256K [0x00000000eab00000, 0x00000000eb080000, 0x0000000100000000)
  eden space 3584K, 100% used [0x00000000eab00000,0x00000000eae80000,0x00000000eae80000)
  from space 1024K, 65% used [0x00000000eae80000,0x00000000eaf28000,0x00000000eaf80000)
  to   space 1024K, 0% used [0x00000000eaf80000,0x00000000eaf80000,0x00000000eb080000)
 ParOldGen       total 237568K, used 237280K [0x00000000c0000000, 0x00000000ce800000, 0x00000000eab00000)
  object space 237568K, 99% used [0x00000000c0000000,0x00000000ce7b80b8,0x00000000ce800000)
 Metaspace       used 69420K, committed 70976K, reserved 1114112K
  class space    used 6765K, committed 7488K, reserved 1048576K
}
Event: 60.963 GC heap after
{Heap after GC invocations=724 (full 4):
 PSYoungGen      total 4608K, used 868K [0x00000000eab00000, 0x00000000eb080000, 0x0000000100000000)
  eden space 3584K, 0% used [0x00000000eab00000,0x00000000eab00000,0x00000000eae80000)
  from space 1024K, 84% used [0x00000000eaf80000,0x00000000eb059210,0x00000000eb080000)
  to   space 1024K, 0% used [0x00000000eae80000,0x00000000eae80000,0x00000000eaf80000)
 ParOldGen       total 238080K, used 237702K [0x00000000c0000000, 0x00000000ce880000, 0x00000000eab00000)
  object space 238080K, 99% used [0x00000000c0000000,0x00000000ce821838,0x00000000ce880000)
 Metaspace       used 69420K, committed 70976K, reserved 1114112K
  class space    used 6765K, committed 7488K, reserved 1048576K
}
Event: 61.089 GC heap before
{Heap before GC invocations=725 (full 4):
 PSYoungGen      total 4608K, used 4452K [0x00000000eab00000, 0x00000000eb080000, 0x0000000100000000)
  eden space 3584K, 100% used [0x00000000eab00000,0x00000000eae80000,0x00000000eae80000)
  from space 1024K, 84% used [0x00000000eaf80000,0x00000000eb059210,0x00000000eb080000)
  to   space 1024K, 0% used [0x00000000eae80000,0x00000000eae80000,0x00000000eaf80000)
 ParOldGen       total 238080K, used 237702K [0x00000000c0000000, 0x00000000ce880000, 0x00000000eab00000)
  object space 238080K, 99% used [0x00000000c0000000,0x00000000ce821838,0x00000000ce880000)
 Metaspace       used 69420K, committed 70976K, reserved 1114112K
  class space    used 6765K, committed 7488K, reserved 1048576K
}
Event: 61.091 GC heap after
{Heap after GC invocations=725 (full 4):
 PSYoungGen      total 4608K, used 544K [0x00000000eab00000, 0x00000000eb080000, 0x0000000100000000)
  eden space 3584K, 0% used [0x00000000eab00000,0x00000000eab00000,0x00000000eae80000)
  from space 1024K, 53% used [0x00000000eae80000,0x00000000eaf08000,0x00000000eaf80000)
  to   space 1024K, 0% used [0x00000000eaf80000,0x00000000eaf80000,0x00000000eb080000)
 ParOldGen       total 238592K, used 238258K [0x00000000c0000000, 0x00000000ce900000, 0x00000000eab00000)
  object space 238592K, 99% used [0x00000000c0000000,0x00000000ce8aca68,0x00000000ce900000)
 Metaspace       used 69420K, committed 70976K, reserved 1114112K
  class space    used 6765K, committed 7488K, reserved 1048576K
}
Event: 61.187 GC heap before
{Heap before GC invocations=726 (full 4):
 PSYoungGen      total 4608K, used 4128K [0x00000000eab00000, 0x00000000eb080000, 0x0000000100000000)
  eden space 3584K, 100% used [0x00000000eab00000,0x00000000eae80000,0x00000000eae80000)
  from space 1024K, 53% used [0x00000000eae80000,0x00000000eaf08000,0x00000000eaf80000)
  to   space 1024K, 0% used [0x00000000eaf80000,0x00000000eaf80000,0x00000000eb080000)
 ParOldGen       total 238592K, used 238258K [0x00000000c0000000, 0x00000000ce900000, 0x00000000eab00000)
  object space 238592K, 99% used [0x00000000c0000000,0x00000000ce8aca68,0x00000000ce900000)
 Metaspace       used 69420K, committed 70976K, reserved 1114112K
  class space    used 6765K, committed 7488K, reserved 1048576K
}
Event: 61.188 GC heap after
{Heap after GC invocations=726 (full 4):
 PSYoungGen      total 4608K, used 576K [0x00000000eab00000, 0x00000000eb080000, 0x0000000100000000)
  eden space 3584K, 0% used [0x00000000eab00000,0x00000000eab00000,0x00000000eae80000)
  from space 1024K, 56% used [0x00000000eaf80000,0x00000000eb010000,0x00000000eb080000)
  to   space 1024K, 0% used [0x00000000eae80000,0x00000000eae80000,0x00000000eaf80000)
 ParOldGen       total 239104K, used 238681K [0x00000000c0000000, 0x00000000ce980000, 0x00000000eab00000)
  object space 239104K, 99% used [0x00000000c0000000,0x00000000ce916608,0x00000000ce980000)
 Metaspace       used 69420K, committed 70976K, reserved 1114112K
  class space    used 6765K, committed 7488K, reserved 1048576K
}
Event: 61.219 GC heap before
{Heap before GC invocations=727 (full 4):
 PSYoungGen      total 4608K, used 4160K [0x00000000eab00000, 0x00000000eb080000, 0x0000000100000000)
  eden space 3584K, 100% used [0x00000000eab00000,0x00000000eae80000,0x00000000eae80000)
  from space 1024K, 56% used [0x00000000eaf80000,0x00000000eb010000,0x00000000eb080000)
  to   space 1024K, 0% used [0x00000000eae80000,0x00000000eae80000,0x00000000eaf80000)
 ParOldGen       total 239104K, used 238681K [0x00000000c0000000, 0x00000000ce980000, 0x00000000eab00000)
  object space 239104K, 99% used [0x00000000c0000000,0x00000000ce916608,0x00000000ce980000)
 Metaspace       used 69420K, committed 70976K, reserved 1114112K
  class space    used 6765K, committed 7488K, reserved 1048576K
}
Event: 61.221 GC heap after
{Heap after GC invocations=727 (full 4):
 PSYoungGen      total 4608K, used 660K [0x00000000eab00000, 0x00000000eb080000, 0x0000000100000000)
  eden space 3584K, 0% used [0x00000000eab00000,0x00000000eab00000,0x00000000eae80000)
  from space 1024K, 64% used [0x00000000eae80000,0x00000000eaf25200,0x00000000eaf80000)
  to   space 1024K, 0% used [0x00000000eaf80000,0x00000000eaf80000,0x00000000eb080000)
 ParOldGen       total 239104K, used 239073K [0x00000000c0000000, 0x00000000ce980000, 0x00000000eab00000)
  object space 239104K, 99% used [0x00000000c0000000,0x00000000ce978608,0x00000000ce980000)
 Metaspace       used 69420K, committed 70976K, reserved 1114112K
  class space    used 6765K, committed 7488K, reserved 1048576K
}

