# JRE version: OpenJDK Runtime Environment Temurin-21.0.6+7 (21.0.6+7) (build 21.0.6+7-LTS)
# Java VM: OpenJDK 64-Bit Server VM Temurin-21.0.6+7 (21.0.6+7-LTS, mixed mode, sharing, tiered, compressed oops, compressed class ptrs, parallel gc, windows-amd64)
GC Precious Log:
 CardTable entry size: 512
 CPUs: 16 total, 16 available
 Memory: 15742M
 Large Page Support: Disabled
 NUMA Support: Disabled
 Compressed Oops: Enabled (32-bit)
 Alignments: Space 512K, Generation 512K, Heap 2M
 Heap Min Capacity: 100M
 Heap Initial Capacity: 100M
 Heap Max Capacity: 1G
 Pre-touch: Disabled
 Parallel Workers: 13
Heap:
 PSYoungGen      total 5120K, used 1540K [0x00000000eab00000, 0x00000000eb200000, 0x0000000100000000)
  eden space 4096K, 13% used [0x00000000eab00000,0x00000000eab87678,0x00000000eaf00000)
  from space 1024K, 97% used [0x00000000eb000000,0x00000000eb0f9c00,0x00000000eb100000)
  to   space 1024K, 0% used [0x00000000eb100000,0x00000000eb100000,0x00000000eb200000)
 ParOldGen       total 325632K, used 291271K [0x00000000c0000000, 0x00000000d3e00000, 0x00000000eab00000)
  object space 325632K, 89% used [0x00000000c0000000,0x00000000d1c71cf8,0x00000000d3e00000)
 Metaspace       used 59044K, committed 60352K, reserved 1114112K
  class space    used 6007K, committed 6592K, reserved 1048576K
GC Heap History (20 events):
Event: 12.799 GC heap before
{Heap before GC invocations=223 (full 2):
 PSYoungGen      total 6144K, used 5797K [0x00000000eab00000, 0x00000000eb500000, 0x0000000100000000)
  eden space 4096K, 98% used [0x00000000eab00000,0x00000000eaef2360,0x00000000eaf00000)
  from space 2048K, 85% used [0x00000000eb300000,0x00000000eb4b73a8,0x00000000eb500000)
  to   space 2560K, 0% used [0x00000000eb000000,0x00000000eb000000,0x00000000eb280000)
 ParOldGen       total 318464K, used 318218K [0x00000000c0000000, 0x00000000d3700000, 0x00000000eab00000)
  object space 318464K, 99% used [0x00000000c0000000,0x00000000d36c2a30,0x00000000d3700000)
 Metaspace       used 58407K, committed 59712K, reserved 1114112K
  class space    used 5932K, committed 6528K, reserved 1048576K
}
Event: 12.800 GC heap after
{Heap after GC invocations=223 (full 2):
 PSYoungGen      total 7168K, used 1620K [0x00000000eab00000, 0x00000000eb400000, 0x0000000100000000)
  eden space 5120K, 0% used [0x00000000eab00000,0x00000000eab00000,0x00000000eb000000)
  from space 2048K, 79% used [0x00000000eb000000,0x00000000eb1952a0,0x00000000eb200000)
  to   space 2048K, 0% used [0x00000000eb200000,0x00000000eb200000,0x00000000eb400000)
 ParOldGen       total 320000K, used 319787K [0x00000000c0000000, 0x00000000d3880000, 0x00000000eab00000)
  object space 320000K, 99% used [0x00000000c0000000,0x00000000d384adf8,0x00000000d3880000)
 Metaspace       used 58407K, committed 59712K, reserved 1114112K
  class space    used 5932K, committed 6528K, reserved 1048576K
}
Event: 12.806 GC heap before
{Heap before GC invocations=224 (full 2):
 PSYoungGen      total 7168K, used 6740K [0x00000000eab00000, 0x00000000eb400000, 0x0000000100000000)
  eden space 5120K, 100% used [0x00000000eab00000,0x00000000eb000000,0x00000000eb000000)
  from space 2048K, 79% used [0x00000000eb000000,0x00000000eb1952a0,0x00000000eb200000)
  to   space 2048K, 0% used [0x00000000eb200000,0x00000000eb200000,0x00000000eb400000)
 ParOldGen       total 320000K, used 319787K [0x00000000c0000000, 0x00000000d3880000, 0x00000000eab00000)
  object space 320000K, 99% used [0x00000000c0000000,0x00000000d384adf8,0x00000000d3880000)
 Metaspace       used 58442K, committed 59776K, reserved 1114112K
  class space    used 5934K, committed 6528K, reserved 1048576K
}
Event: 12.807 GC heap after
{Heap after GC invocations=224 (full 2):
 PSYoungGen      total 5120K, used 2034K [0x00000000eab00000, 0x00000000eb900000, 0x0000000100000000)
  eden space 3072K, 0% used [0x00000000eab00000,0x00000000eab00000,0x00000000eae00000)
  from space 2048K, 99% used [0x00000000eb200000,0x00000000eb3fca40,0x00000000eb400000)
  to   space 4096K, 0% used [0x00000000eae00000,0x00000000eae00000,0x00000000eb200000)
 ParOldGen       total 321536K, used 321417K [0x00000000c0000000, 0x00000000d3a00000, 0x00000000eab00000)
  object space 321536K, 99% used [0x00000000c0000000,0x00000000d39e2658,0x00000000d3a00000)
 Metaspace       used 58442K, committed 59776K, reserved 1114112K
  class space    used 5934K, committed 6528K, reserved 1048576K
}
Event: 12.811 GC heap before
{Heap before GC invocations=225 (full 2):
 PSYoungGen      total 5120K, used 5106K [0x00000000eab00000, 0x00000000eb900000, 0x0000000100000000)
  eden space 3072K, 100% used [0x00000000eab00000,0x00000000eae00000,0x00000000eae00000)
  from space 2048K, 99% used [0x00000000eb200000,0x00000000eb3fca40,0x00000000eb400000)
  to   space 4096K, 0% used [0x00000000eae00000,0x00000000eae00000,0x00000000eb200000)
 ParOldGen       total 321536K, used 321417K [0x00000000c0000000, 0x00000000d3a00000, 0x00000000eab00000)
  object space 321536K, 99% used [0x00000000c0000000,0x00000000d39e2658,0x00000000d3a00000)
 Metaspace       used 58456K, committed 59776K, reserved 1114112K
  class space    used 5939K, committed 6528K, reserved 1048576K
}
Event: 12.812 GC heap after
{Heap after GC invocations=225 (full 2):
 PSYoungGen      total 4608K, used 1352K [0x00000000eab00000, 0x00000000eb400000, 0x0000000100000000)
  eden space 3072K, 0% used [0x00000000eab00000,0x00000000eab00000,0x00000000eae00000)
  from space 1536K, 88% used [0x00000000eae00000,0x00000000eaf52230,0x00000000eaf80000)
  to   space 2560K, 0% used [0x00000000eb180000,0x00000000eb180000,0x00000000eb400000)
 ParOldGen       total 323584K, used 323203K [0x00000000c0000000, 0x00000000d3c00000, 0x00000000eab00000)
  object space 323584K, 99% used [0x00000000c0000000,0x00000000d3ba0dd8,0x00000000d3c00000)
 Metaspace       used 58456K, committed 59776K, reserved 1114112K
  class space    used 5939K, committed 6528K, reserved 1048576K
}
Event: 12.815 GC heap before
{Heap before GC invocations=226 (full 2):
 PSYoungGen      total 4608K, used 4424K [0x00000000eab00000, 0x00000000eb400000, 0x0000000100000000)
  eden space 3072K, 100% used [0x00000000eab00000,0x00000000eae00000,0x00000000eae00000)
  from space 1536K, 88% used [0x00000000eae00000,0x00000000eaf52230,0x00000000eaf80000)
  to   space 2560K, 0% used [0x00000000eb180000,0x00000000eb180000,0x00000000eb400000)
 ParOldGen       total 323584K, used 323203K [0x00000000c0000000, 0x00000000d3c00000, 0x00000000eab00000)
  object space 323584K, 99% used [0x00000000c0000000,0x00000000d3ba0dd8,0x00000000d3c00000)
 Metaspace       used 58473K, committed 59776K, reserved 1114112K
  class space    used 5945K, committed 6528K, reserved 1048576K
}
Event: 12.817 GC heap after
{Heap after GC invocations=226 (full 2):
 PSYoungGen      total 5632K, used 1477K [0x00000000eab00000, 0x00000000eb300000, 0x0000000100000000)
  eden space 4096K, 0% used [0x00000000eab00000,0x00000000eab00000,0x00000000eaf00000)
  from space 1536K, 96% used [0x00000000eb180000,0x00000000eb2f17f8,0x00000000eb300000)
  to   space 2048K, 0% used [0x00000000eaf00000,0x00000000eaf00000,0x00000000eb100000)
 ParOldGen       total 324608K, used 324389K [0x00000000c0000000, 0x00000000d3d00000, 0x00000000eab00000)
  object space 324608K, 99% used [0x00000000c0000000,0x00000000d3cc97e8,0x00000000d3d00000)
 Metaspace       used 58473K, committed 59776K, reserved 1114112K
  class space    used 5945K, committed 6528K, reserved 1048576K
}
Event: 12.821 GC heap before
{Heap before GC invocations=227 (full 2):
 PSYoungGen      total 5632K, used 5045K [0x00000000eab00000, 0x00000000eb300000, 0x0000000100000000)
  eden space 4096K, 87% used [0x00000000eab00000,0x00000000eae7bc40,0x00000000eaf00000)
  from space 1536K, 96% used [0x00000000eb180000,0x00000000eb2f17f8,0x00000000eb300000)
  to   space 2048K, 0% used [0x00000000eaf00000,0x00000000eaf00000,0x00000000eb100000)
 ParOldGen       total 324608K, used 324389K [0x00000000c0000000, 0x00000000d3d00000, 0x00000000eab00000)
  object space 324608K, 99% used [0x00000000c0000000,0x00000000d3cc97e8,0x00000000d3d00000)
 Metaspace       used 58495K, committed 59776K, reserved 1114112K
  class space    used 5952K, committed 6528K, reserved 1048576K
}
Event: 12.823 GC heap after
{Heap after GC invocations=227 (full 2):
 PSYoungGen      total 6144K, used 1669K [0x00000000eab00000, 0x00000000eb300000, 0x0000000100000000)
  eden space 4096K, 0% used [0x00000000eab00000,0x00000000eab00000,0x00000000eaf00000)
  from space 2048K, 81% used [0x00000000eaf00000,0x00000000eb0a1750,0x00000000eb100000)
  to   space 2048K, 0% used [0x00000000eb100000,0x00000000eb100000,0x00000000eb300000)
 ParOldGen       total 325632K, used 325602K [0x00000000c0000000, 0x00000000d3e00000, 0x00000000eab00000)
  object space 325632K, 99% used [0x00000000c0000000,0x00000000d3df8948,0x00000000d3e00000)
 Metaspace       used 58495K, committed 59776K, reserved 1114112K
  class space    used 5952K, committed 6528K, reserved 1048576K
}
Event: 12.823 GC heap before
{Heap before GC invocations=228 (full 3):
 PSYoungGen      total 6144K, used 1669K [0x00000000eab00000, 0x00000000eb300000, 0x0000000100000000)
  eden space 4096K, 0% used [0x00000000eab00000,0x00000000eab00000,0x00000000eaf00000)
  from space 2048K, 81% used [0x00000000eaf00000,0x00000000eb0a1750,0x00000000eb100000)
  to   space 2048K, 0% used [0x00000000eb100000,0x00000000eb100000,0x00000000eb300000)
 ParOldGen       total 325632K, used 325602K [0x00000000c0000000, 0x00000000d3e00000, 0x00000000eab00000)
  object space 325632K, 99% used [0x00000000c0000000,0x00000000d3df8948,0x00000000d3e00000)
 Metaspace       used 58495K, committed 59776K, reserved 1114112K
  class space    used 5952K, committed 6528K, reserved 1048576K
}
Event: 13.010 GC heap after
{Heap after GC invocations=228 (full 3):
 PSYoungGen      total 6144K, used 0K [0x00000000eab00000, 0x00000000eb300000, 0x0000000100000000)
  eden space 4096K, 0% used [0x00000000eab00000,0x00000000eab00000,0x00000000eaf00000)
  from space 2048K, 0% used [0x00000000eaf00000,0x00000000eaf00000,0x00000000eb100000)
  to   space 2048K, 0% used [0x00000000eb100000,0x00000000eb100000,0x00000000eb300000)
 ParOldGen       total 325632K, used 281880K [0x00000000c0000000, 0x00000000d3e00000, 0x00000000eab00000)
  object space 325632K, 86% used [0x00000000c0000000,0x00000000d13460a0,0x00000000d3e00000)
 Metaspace       used 58495K, committed 59776K, reserved 1114112K
  class space    used 5952K, committed 6528K, reserved 1048576K
}
Event: 13.015 GC heap before
{Heap before GC invocations=229 (full 3):
 PSYoungGen      total 6144K, used 4035K [0x00000000eab00000, 0x00000000eb300000, 0x0000000100000000)
  eden space 4096K, 98% used [0x00000000eab00000,0x00000000eaef0fc0,0x00000000eaf00000)
  from space 2048K, 0% used [0x00000000eaf00000,0x00000000eaf00000,0x00000000eb100000)
  to   space 2048K, 0% used [0x00000000eb100000,0x00000000eb100000,0x00000000eb300000)
 ParOldGen       total 325632K, used 281880K [0x00000000c0000000, 0x00000000d3e00000, 0x00000000eab00000)
  object space 325632K, 86% used [0x00000000c0000000,0x00000000d13460a0,0x00000000d3e00000)
 Metaspace       used 58519K, committed 59840K, reserved 1114112K
  class space    used 5954K, committed 6528K, reserved 1048576K
}
Event: 13.016 GC heap after
{Heap after GC invocations=229 (full 3):
 PSYoungGen      total 6144K, used 1922K [0x00000000eab00000, 0x00000000eb300000, 0x0000000100000000)
  eden space 4096K, 0% used [0x00000000eab00000,0x00000000eab00000,0x00000000eaf00000)
  from space 2048K, 93% used [0x00000000eb100000,0x00000000eb2e08c0,0x00000000eb300000)
  to   space 2048K, 0% used [0x00000000eaf00000,0x00000000eaf00000,0x00000000eb100000)
 ParOldGen       total 325632K, used 281880K [0x00000000c0000000, 0x00000000d3e00000, 0x00000000eab00000)
  object space 325632K, 86% used [0x00000000c0000000,0x00000000d13460a0,0x00000000d3e00000)
 Metaspace       used 58519K, committed 59840K, reserved 1114112K
  class space    used 5954K, committed 6528K, reserved 1048576K
}
Event: 13.020 GC heap before
{Heap before GC invocations=230 (full 3):
 PSYoungGen      total 6144K, used 6018K [0x00000000eab00000, 0x00000000eb300000, 0x0000000100000000)
  eden space 4096K, 100% used [0x00000000eab00000,0x00000000eaf00000,0x00000000eaf00000)
  from space 2048K, 93% used [0x00000000eb100000,0x00000000eb2e08c0,0x00000000eb300000)
  to   space 2048K, 0% used [0x00000000eaf00000,0x00000000eaf00000,0x00000000eb100000)
 ParOldGen       total 325632K, used 281880K [0x00000000c0000000, 0x00000000d3e00000, 0x00000000eab00000)
  object space 325632K, 86% used [0x00000000c0000000,0x00000000d13460a0,0x00000000d3e00000)
 Metaspace       used 58582K, committed 59904K, reserved 1114112K
  class space    used 5962K, committed 6528K, reserved 1048576K
}
Event: 13.021 GC heap after
{Heap after GC invocations=230 (full 3):
 PSYoungGen      total 6144K, used 1770K [0x00000000eab00000, 0x00000000eb300000, 0x0000000100000000)
  eden space 4096K, 0% used [0x00000000eab00000,0x00000000eab00000,0x00000000eaf00000)
  from space 2048K, 86% used [0x00000000eaf00000,0x00000000eb0bab28,0x00000000eb100000)
  to   space 2048K, 0% used [0x00000000eb100000,0x00000000eb100000,0x00000000eb300000)
 ParOldGen       total 325632K, used 283541K [0x00000000c0000000, 0x00000000d3e00000, 0x00000000eab00000)
  object space 325632K, 87% used [0x00000000c0000000,0x00000000d14e5518,0x00000000d3e00000)
 Metaspace       used 58582K, committed 59904K, reserved 1114112K
  class space    used 5962K, committed 6528K, reserved 1048576K
}
Event: 13.027 GC heap before
{Heap before GC invocations=231 (full 3):
 PSYoungGen      total 6144K, used 5866K [0x00000000eab00000, 0x00000000eb300000, 0x0000000100000000)
  eden space 4096K, 100% used [0x00000000eab00000,0x00000000eaf00000,0x00000000eaf00000)
  from space 2048K, 86% used [0x00000000eaf00000,0x00000000eb0bab28,0x00000000eb100000)
  to   space 2048K, 0% used [0x00000000eb100000,0x00000000eb100000,0x00000000eb300000)
 ParOldGen       total 325632K, used 283541K [0x00000000c0000000, 0x00000000d3e00000, 0x00000000eab00000)
  object space 325632K, 87% used [0x00000000c0000000,0x00000000d14e5518,0x00000000d3e00000)
 Metaspace       used 58612K, committed 59904K, reserved 1114112K
  class space    used 5969K, committed 6528K, reserved 1048576K
}
Event: 13.029 GC heap after
{Heap after GC invocations=231 (full 3):
 PSYoungGen      total 6144K, used 1656K [0x00000000eab00000, 0x00000000eb300000, 0x0000000100000000)
  eden space 4096K, 0% used [0x00000000eab00000,0x00000000eab00000,0x00000000eaf00000)
  from space 2048K, 80% used [0x00000000eb100000,0x00000000eb29e048,0x00000000eb300000)
  to   space 2048K, 0% used [0x00000000eaf00000,0x00000000eaf00000,0x00000000eb100000)
 ParOldGen       total 325632K, used 285122K [0x00000000c0000000, 0x00000000d3e00000, 0x00000000eab00000)
  object space 325632K, 87% used [0x00000000c0000000,0x00000000d16708f8,0x00000000d3e00000)
 Metaspace       used 58612K, committed 59904K, reserved 1114112K
  class space    used 5969K, committed 6528K, reserved 1048576K
}
Event: 13.033 GC heap before
{Heap before GC invocations=232 (full 3):
 PSYoungGen      total 6144K, used 5752K [0x00000000eab00000, 0x00000000eb300000, 0x0000000100000000)
  eden space 4096K, 100% used [0x00000000eab00000,0x00000000eaf00000,0x00000000eaf00000)
  from space 2048K, 80% used [0x00000000eb100000,0x00000000eb29e048,0x00000000eb300000)
  to   space 2048K, 0% used [0x00000000eaf00000,0x00000000eaf00000,0x00000000eb100000)
 ParOldGen       total 325632K, used 285122K [0x00000000c0000000, 0x00000000d3e00000, 0x00000000eab00000)
  object space 325632K, 87% used [0x00000000c0000000,0x00000000d16708f8,0x00000000d3e00000)
 Metaspace       used 58637K, committed 60032K, reserved 1114112K
  class space    used 5972K, committed 6592K, reserved 1048576K
}
Event: 13.035 GC heap after
{Heap after GC invocations=232 (full 3):
 PSYoungGen      total 6144K, used 1373K [0x00000000eab00000, 0x00000000eb300000, 0x0000000100000000)
  eden space 4096K, 0% used [0x00000000eab00000,0x00000000eab00000,0x00000000eaf00000)
  from space 2048K, 67% used [0x00000000eaf00000,0x00000000eb0577a8,0x00000000eb100000)
  to   space 1536K, 0% used [0x00000000eb180000,0x00000000eb180000,0x00000000eb300000)
 ParOldGen       total 325632K, used 286569K [0x00000000c0000000, 0x00000000d3e00000, 0x00000000eab00000)
  object space 325632K, 88% used [0x00000000c0000000,0x00000000d17da458,0x00000000d3e00000)
 Metaspace       used 58637K, committed 60032K, reserved 1114112K
  class space    used 5972K, committed 6592K, reserved 1048576K
}

