# JRE version: OpenJDK Runtime Environment Temurin-21.0.6+7 (21.0.6+7) (build 21.0.6+7-LTS)
# Java VM: OpenJDK 64-Bit Server VM Temurin-21.0.6+7 (21.0.6+7-LTS, mixed mode, sharing, tiered, compressed oops, compressed class ptrs, parallel gc, windows-amd64)
GC Precious Log:
 CardTable entry size: 512
 CPUs: 16 total, 16 available
 Memory: 15742M
 Large Page Support: Disabled
 NUMA Support: Disabled
 Compressed Oops: Enabled (32-bit)
 Alignments: Space 512K, Generation 512K, Heap 2M
 Heap Min Capacity: 100M
 Heap Initial Capacity: 100M
 Heap Max Capacity: 1G
 Pre-touch: Disabled
 Parallel Workers: 13
Heap:
 PSYoungGen      total 6656K, used 6341K [0x00000000eab00000, 0x00000000eb300000, 0x0000000100000000)
  eden space 5120K, 100% used [0x00000000eab00000,0x00000000eb000000,0x00000000eb000000)
  from space 1536K, 79% used [0x00000000eb180000,0x00000000eb2b1610,0x00000000eb300000)
  to   space 1536K, 80% used [0x00000000eb000000,0x00000000eb135b88,0x00000000eb180000)
 ParOldGen       total 244736K, used 244371K [0x00000000c0000000, 0x00000000cef00000, 0x00000000eab00000)
  object space 244736K, 99% used [0x00000000c0000000,0x00000000ceea4fe8,0x00000000cef00000)
 Metaspace       used 61257K, committed 62656K, reserved 1114112K
  class space    used 6062K, committed 6720K, reserved 1048576K
GC Heap History (20 events):
Event: 19.751 GC heap before
{Heap before GC invocations=131 (full 3):
 PSYoungGen      total 7168K, used 7154K [0x00000000eab00000, 0x00000000eb480000, 0x0000000100000000)
  eden space 5632K, 100% used [0x00000000eab00000,0x00000000eb080000,0x00000000eb080000)
  from space 1536K, 99% used [0x00000000eb080000,0x00000000eb1fc800,0x00000000eb200000)
  to   space 2048K, 0% used [0x00000000eb280000,0x00000000eb280000,0x00000000eb480000)
 ParOldGen       total 228864K, used 228803K [0x00000000c0000000, 0x00000000cdf80000, 0x00000000eab00000)
  object space 228864K, 99% used [0x00000000c0000000,0x00000000cdf70cc8,0x00000000cdf80000)
 Metaspace       used 60715K, committed 62080K, reserved 1114112K
  class space    used 6061K, committed 6720K, reserved 1048576K
}
Event: 19.754 GC heap after
{Heap after GC invocations=131 (full 3):
 PSYoungGen      total 7680K, used 1624K [0x00000000eab00000, 0x00000000eb480000, 0x0000000100000000)
  eden space 5632K, 0% used [0x00000000eab00000,0x00000000eab00000,0x00000000eb080000)
  from space 2048K, 79% used [0x00000000eb280000,0x00000000eb4161a8,0x00000000eb480000)
  to   space 2048K, 0% used [0x00000000eb080000,0x00000000eb080000,0x00000000eb280000)
 ParOldGen       total 230400K, used 229966K [0x00000000c0000000, 0x00000000ce100000, 0x00000000eab00000)
  object space 230400K, 99% used [0x00000000c0000000,0x00000000ce093a40,0x00000000ce100000)
 Metaspace       used 60715K, committed 62080K, reserved 1114112K
  class space    used 6061K, committed 6720K, reserved 1048576K
}
Event: 19.796 GC heap before
{Heap before GC invocations=132 (full 3):
 PSYoungGen      total 7680K, used 7256K [0x00000000eab00000, 0x00000000eb480000, 0x0000000100000000)
  eden space 5632K, 100% used [0x00000000eab00000,0x00000000eb080000,0x00000000eb080000)
  from space 2048K, 79% used [0x00000000eb280000,0x00000000eb4161a8,0x00000000eb480000)
  to   space 2048K, 0% used [0x00000000eb080000,0x00000000eb080000,0x00000000eb280000)
 ParOldGen       total 230400K, used 229966K [0x00000000c0000000, 0x00000000ce100000, 0x00000000eab00000)
  object space 230400K, 99% used [0x00000000c0000000,0x00000000ce093a40,0x00000000ce100000)
 Metaspace       used 60739K, committed 62080K, reserved 1114112K
  class space    used 6061K, committed 6720K, reserved 1048576K
}
Event: 19.799 GC heap after
{Heap after GC invocations=132 (full 3):
 PSYoungGen      total 7680K, used 1691K [0x00000000eab00000, 0x00000000eb480000, 0x0000000100000000)
  eden space 5632K, 0% used [0x00000000eab00000,0x00000000eab00000,0x00000000eb080000)
  from space 2048K, 82% used [0x00000000eb080000,0x00000000eb226d60,0x00000000eb280000)
  to   space 2048K, 0% used [0x00000000eb280000,0x00000000eb280000,0x00000000eb480000)
 ParOldGen       total 231424K, used 231407K [0x00000000c0000000, 0x00000000ce200000, 0x00000000eab00000)
  object space 231424K, 99% used [0x00000000c0000000,0x00000000ce1fbf68,0x00000000ce200000)
 Metaspace       used 60739K, committed 62080K, reserved 1114112K
  class space    used 6061K, committed 6720K, reserved 1048576K
}
Event: 19.888 GC heap before
{Heap before GC invocations=133 (full 3):
 PSYoungGen      total 7680K, used 7323K [0x00000000eab00000, 0x00000000eb480000, 0x0000000100000000)
  eden space 5632K, 100% used [0x00000000eab00000,0x00000000eb080000,0x00000000eb080000)
  from space 2048K, 82% used [0x00000000eb080000,0x00000000eb226d60,0x00000000eb280000)
  to   space 2048K, 0% used [0x00000000eb280000,0x00000000eb280000,0x00000000eb480000)
 ParOldGen       total 231424K, used 231407K [0x00000000c0000000, 0x00000000ce200000, 0x00000000eab00000)
  object space 231424K, 99% used [0x00000000c0000000,0x00000000ce1fbf68,0x00000000ce200000)
 Metaspace       used 60750K, committed 62080K, reserved 1114112K
  class space    used 6061K, committed 6720K, reserved 1048576K
}
Event: 19.892 GC heap after
{Heap after GC invocations=133 (full 3):
 PSYoungGen      total 7680K, used 1489K [0x00000000eab00000, 0x00000000eb480000, 0x0000000100000000)
  eden space 5632K, 0% used [0x00000000eab00000,0x00000000eab00000,0x00000000eb080000)
  from space 2048K, 72% used [0x00000000eb280000,0x00000000eb3f4590,0x00000000eb480000)
  to   space 2048K, 0% used [0x00000000eb080000,0x00000000eb080000,0x00000000eb280000)
 ParOldGen       total 232960K, used 232847K [0x00000000c0000000, 0x00000000ce380000, 0x00000000eab00000)
  object space 232960K, 99% used [0x00000000c0000000,0x00000000ce363d58,0x00000000ce380000)
 Metaspace       used 60750K, committed 62080K, reserved 1114112K
  class space    used 6061K, committed 6720K, reserved 1048576K
}
Event: 19.938 GC heap before
{Heap before GC invocations=134 (full 3):
 PSYoungGen      total 7680K, used 7121K [0x00000000eab00000, 0x00000000eb480000, 0x0000000100000000)
  eden space 5632K, 100% used [0x00000000eab00000,0x00000000eb080000,0x00000000eb080000)
  from space 2048K, 72% used [0x00000000eb280000,0x00000000eb3f4590,0x00000000eb480000)
  to   space 2048K, 0% used [0x00000000eb080000,0x00000000eb080000,0x00000000eb280000)
 ParOldGen       total 232960K, used 232847K [0x00000000c0000000, 0x00000000ce380000, 0x00000000eab00000)
  object space 232960K, 99% used [0x00000000c0000000,0x00000000ce363d58,0x00000000ce380000)
 Metaspace       used 60783K, committed 62144K, reserved 1114112K
  class space    used 6061K, committed 6720K, reserved 1048576K
}
Event: 19.941 GC heap after
{Heap after GC invocations=134 (full 3):
 PSYoungGen      total 7168K, used 1421K [0x00000000eab00000, 0x00000000eb380000, 0x0000000100000000)
  eden space 5632K, 0% used [0x00000000eab00000,0x00000000eab00000,0x00000000eb080000)
  from space 1536K, 92% used [0x00000000eb080000,0x00000000eb1e3790,0x00000000eb200000)
  to   space 1536K, 0% used [0x00000000eb200000,0x00000000eb200000,0x00000000eb380000)
 ParOldGen       total 233984K, used 233939K [0x00000000c0000000, 0x00000000ce480000, 0x00000000eab00000)
  object space 233984K, 99% used [0x00000000c0000000,0x00000000ce474c58,0x00000000ce480000)
 Metaspace       used 60783K, committed 62144K, reserved 1114112K
  class space    used 6061K, committed 6720K, reserved 1048576K
}
Event: 19.982 GC heap before
{Heap before GC invocations=135 (full 3):
 PSYoungGen      total 7168K, used 7053K [0x00000000eab00000, 0x00000000eb380000, 0x0000000100000000)
  eden space 5632K, 100% used [0x00000000eab00000,0x00000000eb080000,0x00000000eb080000)
  from space 1536K, 92% used [0x00000000eb080000,0x00000000eb1e3790,0x00000000eb200000)
  to   space 1536K, 0% used [0x00000000eb200000,0x00000000eb200000,0x00000000eb380000)
 ParOldGen       total 233984K, used 233939K [0x00000000c0000000, 0x00000000ce480000, 0x00000000eab00000)
  object space 233984K, 99% used [0x00000000c0000000,0x00000000ce474c58,0x00000000ce480000)
 Metaspace       used 60908K, committed 62272K, reserved 1114112K
  class space    used 6061K, committed 6720K, reserved 1048576K
}
Event: 19.985 GC heap after
{Heap after GC invocations=135 (full 3):
 PSYoungGen      total 6656K, used 1518K [0x00000000eab00000, 0x00000000eb480000, 0x0000000100000000)
  eden space 5120K, 0% used [0x00000000eab00000,0x00000000eab00000,0x00000000eb000000)
  from space 1536K, 98% used [0x00000000eb200000,0x00000000eb37bbc0,0x00000000eb380000)
  to   space 2048K, 0% used [0x00000000eb000000,0x00000000eb000000,0x00000000eb200000)
 ParOldGen       total 235520K, used 235039K [0x00000000c0000000, 0x00000000ce600000, 0x00000000eab00000)
  object space 235520K, 99% used [0x00000000c0000000,0x00000000ce587e90,0x00000000ce600000)
 Metaspace       used 60908K, committed 62272K, reserved 1114112K
  class space    used 6061K, committed 6720K, reserved 1048576K
}
Event: 20.047 GC heap before
{Heap before GC invocations=136 (full 3):
 PSYoungGen      total 6656K, used 6638K [0x00000000eab00000, 0x00000000eb480000, 0x0000000100000000)
  eden space 5120K, 100% used [0x00000000eab00000,0x00000000eb000000,0x00000000eb000000)
  from space 1536K, 98% used [0x00000000eb200000,0x00000000eb37bbc0,0x00000000eb380000)
  to   space 2048K, 0% used [0x00000000eb000000,0x00000000eb000000,0x00000000eb200000)
 ParOldGen       total 235520K, used 235039K [0x00000000c0000000, 0x00000000ce600000, 0x00000000eab00000)
  object space 235520K, 99% used [0x00000000c0000000,0x00000000ce587e90,0x00000000ce600000)
 Metaspace       used 61028K, committed 62400K, reserved 1114112K
  class space    used 6061K, committed 6720K, reserved 1048576K
}
Event: 20.050 GC heap after
{Heap after GC invocations=136 (full 3):
 PSYoungGen      total 6656K, used 1182K [0x00000000eab00000, 0x00000000eb300000, 0x0000000100000000)
  eden space 5120K, 0% used [0x00000000eab00000,0x00000000eab00000,0x00000000eb000000)
  from space 1536K, 76% used [0x00000000eb000000,0x00000000eb127930,0x00000000eb180000)
  to   space 1536K, 0% used [0x00000000eb180000,0x00000000eb180000,0x00000000eb300000)
 ParOldGen       total 236544K, used 236341K [0x00000000c0000000, 0x00000000ce700000, 0x00000000eab00000)
  object space 236544K, 99% used [0x00000000c0000000,0x00000000ce6cd640,0x00000000ce700000)
 Metaspace       used 61028K, committed 62400K, reserved 1114112K
  class space    used 6061K, committed 6720K, reserved 1048576K
}
Event: 20.083 GC heap before
{Heap before GC invocations=137 (full 3):
 PSYoungGen      total 6656K, used 6302K [0x00000000eab00000, 0x00000000eb300000, 0x0000000100000000)
  eden space 5120K, 100% used [0x00000000eab00000,0x00000000eb000000,0x00000000eb000000)
  from space 1536K, 76% used [0x00000000eb000000,0x00000000eb127930,0x00000000eb180000)
  to   space 1536K, 0% used [0x00000000eb180000,0x00000000eb180000,0x00000000eb300000)
 ParOldGen       total 236544K, used 236341K [0x00000000c0000000, 0x00000000ce700000, 0x00000000eab00000)
  object space 236544K, 99% used [0x00000000c0000000,0x00000000ce6cd640,0x00000000ce700000)
 Metaspace       used 61054K, committed 62400K, reserved 1114112K
  class space    used 6061K, committed 6720K, reserved 1048576K
}
Event: 20.085 GC heap after
{Heap after GC invocations=137 (full 3):
 PSYoungGen      total 6656K, used 1216K [0x00000000eab00000, 0x00000000eb300000, 0x0000000100000000)
  eden space 5120K, 0% used [0x00000000eab00000,0x00000000eab00000,0x00000000eb000000)
  from space 1536K, 79% used [0x00000000eb180000,0x00000000eb2b0000,0x00000000eb300000)
  to   space 1536K, 0% used [0x00000000eb000000,0x00000000eb000000,0x00000000eb180000)
 ParOldGen       total 237568K, used 237312K [0x00000000c0000000, 0x00000000ce800000, 0x00000000eab00000)
  object space 237568K, 99% used [0x00000000c0000000,0x00000000ce7c0230,0x00000000ce800000)
 Metaspace       used 61054K, committed 62400K, reserved 1114112K
  class space    used 6061K, committed 6720K, reserved 1048576K
}
Event: 20.139 GC heap before
{Heap before GC invocations=138 (full 3):
 PSYoungGen      total 6656K, used 6336K [0x00000000eab00000, 0x00000000eb300000, 0x0000000100000000)
  eden space 5120K, 100% used [0x00000000eab00000,0x00000000eb000000,0x00000000eb000000)
  from space 1536K, 79% used [0x00000000eb180000,0x00000000eb2b0000,0x00000000eb300000)
  to   space 1536K, 0% used [0x00000000eb000000,0x00000000eb000000,0x00000000eb180000)
 ParOldGen       total 237568K, used 237312K [0x00000000c0000000, 0x00000000ce800000, 0x00000000eab00000)
  object space 237568K, 99% used [0x00000000c0000000,0x00000000ce7c0230,0x00000000ce800000)
 Metaspace       used 61105K, committed 62464K, reserved 1114112K
  class space    used 6061K, committed 6720K, reserved 1048576K
}
Event: 20.143 GC heap after
{Heap after GC invocations=138 (full 3):
 PSYoungGen      total 6656K, used 1152K [0x00000000eab00000, 0x00000000eb300000, 0x0000000100000000)
  eden space 5120K, 0% used [0x00000000eab00000,0x00000000eab00000,0x00000000eb000000)
  from space 1536K, 75% used [0x00000000eb000000,0x00000000eb120000,0x00000000eb180000)
  to   space 1536K, 0% used [0x00000000eb180000,0x00000000eb180000,0x00000000eb300000)
 ParOldGen       total 238592K, used 238354K [0x00000000c0000000, 0x00000000ce900000, 0x00000000eab00000)
  object space 238592K, 99% used [0x00000000c0000000,0x00000000ce8c4968,0x00000000ce900000)
 Metaspace       used 61105K, committed 62464K, reserved 1114112K
  class space    used 6061K, committed 6720K, reserved 1048576K
}
Event: 20.201 GC heap before
{Heap before GC invocations=139 (full 3):
 PSYoungGen      total 6656K, used 6272K [0x00000000eab00000, 0x00000000eb300000, 0x0000000100000000)
  eden space 5120K, 100% used [0x00000000eab00000,0x00000000eb000000,0x00000000eb000000)
  from space 1536K, 75% used [0x00000000eb000000,0x00000000eb120000,0x00000000eb180000)
  to   space 1536K, 0% used [0x00000000eb180000,0x00000000eb180000,0x00000000eb300000)
 ParOldGen       total 238592K, used 238354K [0x00000000c0000000, 0x00000000ce900000, 0x00000000eab00000)
  object space 238592K, 99% used [0x00000000c0000000,0x00000000ce8c4968,0x00000000ce900000)
 Metaspace       used 61133K, committed 62464K, reserved 1114112K
  class space    used 6061K, committed 6720K, reserved 1048576K
}
Event: 20.204 GC heap after
{Heap after GC invocations=139 (full 3):
 PSYoungGen      total 6656K, used 1329K [0x00000000eab00000, 0x00000000eb300000, 0x0000000100000000)
  eden space 5120K, 0% used [0x00000000eab00000,0x00000000eab00000,0x00000000eb000000)
  from space 1536K, 86% used [0x00000000eb180000,0x00000000eb2cc7d8,0x00000000eb300000)
  to   space 1536K, 0% used [0x00000000eb000000,0x00000000eb000000,0x00000000eb180000)
 ParOldGen       total 239616K, used 239366K [0x00000000c0000000, 0x00000000cea00000, 0x00000000eab00000)
  object space 239616K, 99% used [0x00000000c0000000,0x00000000ce9c1bd8,0x00000000cea00000)
 Metaspace       used 61133K, committed 62464K, reserved 1114112K
  class space    used 6061K, committed 6720K, reserved 1048576K
}
Event: 20.250 GC heap before
{Heap before GC invocations=140 (full 3):
 PSYoungGen      total 6656K, used 6449K [0x00000000eab00000, 0x00000000eb300000, 0x0000000100000000)
  eden space 5120K, 100% used [0x00000000eab00000,0x00000000eb000000,0x00000000eb000000)
  from space 1536K, 86% used [0x00000000eb180000,0x00000000eb2cc7d8,0x00000000eb300000)
  to   space 1536K, 0% used [0x00000000eb000000,0x00000000eb000000,0x00000000eb180000)
 ParOldGen       total 239616K, used 239366K [0x00000000c0000000, 0x00000000cea00000, 0x00000000eab00000)
  object space 239616K, 99% used [0x00000000c0000000,0x00000000ce9c1bd8,0x00000000cea00000)
 Metaspace       used 61199K, committed 62592K, reserved 1114112K
  class space    used 6061K, committed 6720K, reserved 1048576K
}
Event: 20.253 GC heap after
{Heap after GC invocations=140 (full 3):
 PSYoungGen      total 6656K, used 1066K [0x00000000eab00000, 0x00000000eb300000, 0x0000000100000000)
  eden space 5120K, 0% used [0x00000000eab00000,0x00000000eab00000,0x00000000eb000000)
  from space 1536K, 69% used [0x00000000eb000000,0x00000000eb10aab8,0x00000000eb180000)
  to   space 1536K, 0% used [0x00000000eb180000,0x00000000eb180000,0x00000000eb300000)
 ParOldGen       total 240640K, used 240473K [0x00000000c0000000, 0x00000000ceb00000, 0x00000000eab00000)
  object space 240640K, 99% used [0x00000000c0000000,0x00000000cead66a8,0x00000000ceb00000)
 Metaspace       used 61199K, committed 62592K, reserved 1114112K
  class space    used 6061K, committed 6720K, reserved 1048576K
}

