# JRE version: OpenJDK Runtime Environment Temurin-21.0.6+7 (21.0.6+7) (build 21.0.6+7-LTS)
# Java VM: OpenJDK 64-Bit Server VM Temurin-21.0.6+7 (21.0.6+7-LTS, mixed mode, sharing, tiered, compressed oops, compressed class ptrs, parallel gc, windows-amd64)
GC Precious Log:
 CardTable entry size: 512
 CPUs: 16 total, 16 available
 Memory: 15742M
 Large Page Support: Disabled
 NUMA Support: Disabled
 Compressed Oops: Enabled (32-bit)
 Alignments: Space 512K, Generation 512K, Heap 2M
 Heap Min Capacity: 100M
 Heap Initial Capacity: 100M
 Heap Max Capacity: 1G
 Pre-touch: Disabled
 Parallel Workers: 13
Heap:
 PSYoungGen      total 4096K, used 3011K [0x00000000eab00000, 0x00000000eb080000, 0x0000000100000000)
  eden space 3072K, 72% used [0x00000000eab00000,0x00000000ead2cc20,0x00000000eae00000)
  from space 1024K, 76% used [0x00000000eaf00000,0x00000000eafc4010,0x00000000eb000000)
  to   space 512K, 0% used [0x00000000eb000000,0x00000000eb000000,0x00000000eb080000)
 ParOldGen       total 448000K, used 447776K [0x00000000c0000000, 0x00000000db580000, 0x00000000eab00000)
  object space 448000K, 99% used [0x00000000c0000000,0x00000000db548090,0x00000000db580000)
 Metaspace       used 73348K, committed 74944K, reserved 1179648K
  class space    used 7070K, committed 7744K, reserved 1048576K
GC Heap History (20 events):
Event: 761.636 GC heap before
{Heap before GC invocations=1963 (full 6):
 PSYoungGen      total 1024K, used 1023K [0x00000000eab00000, 0x00000000eae00000, 0x0000000100000000)
  eden space 512K, 99% used [0x00000000eab00000,0x00000000eab7ff90,0x00000000eab80000)
  from space 512K, 100% used [0x00000000eab80000,0x00000000eac00000,0x00000000eac00000)
  to   space 1024K, 0% used [0x00000000ead00000,0x00000000ead00000,0x00000000eae00000)
 ParOldGen       total 437248K, used 437132K [0x00000000c0000000, 0x00000000dab00000, 0x00000000eab00000)
  object space 437248K, 99% used [0x00000000c0000000,0x00000000daae3320,0x00000000dab00000)
 Metaspace       used 73303K, committed 74880K, reserved 1179648K
  class space    used 7070K, committed 7744K, reserved 1048576K
}
Event: 761.638 GC heap after
{Heap after GC invocations=1963 (full 6):
 PSYoungGen      total 2048K, used 608K [0x00000000eab00000, 0x00000000eae00000, 0x0000000100000000)
  eden space 1024K, 0% used [0x00000000eab00000,0x00000000eab00000,0x00000000eac00000)
  from space 1024K, 59% used [0x00000000ead00000,0x00000000ead98000,0x00000000eae00000)
  to   space 1024K, 0% used [0x00000000eac00000,0x00000000eac00000,0x00000000ead00000)
 ParOldGen       total 437760K, used 437460K [0x00000000c0000000, 0x00000000dab80000, 0x00000000eab00000)
  object space 437760K, 99% used [0x00000000c0000000,0x00000000dab35320,0x00000000dab80000)
 Metaspace       used 73303K, committed 74880K, reserved 1179648K
  class space    used 7070K, committed 7744K, reserved 1048576K
}
Event: 761.652 GC heap before
{Heap before GC invocations=1964 (full 6):
 PSYoungGen      total 2048K, used 1631K [0x00000000eab00000, 0x00000000eae00000, 0x0000000100000000)
  eden space 1024K, 99% used [0x00000000eab00000,0x00000000eabffff0,0x00000000eac00000)
  from space 1024K, 59% used [0x00000000ead00000,0x00000000ead98000,0x00000000eae00000)
  to   space 1024K, 0% used [0x00000000eac00000,0x00000000eac00000,0x00000000ead00000)
 ParOldGen       total 437760K, used 437460K [0x00000000c0000000, 0x00000000dab80000, 0x00000000eab00000)
  object space 437760K, 99% used [0x00000000c0000000,0x00000000dab35320,0x00000000dab80000)
 Metaspace       used 73303K, committed 74880K, reserved 1179648K
  class space    used 7070K, committed 7744K, reserved 1048576K
}
Event: 761.657 GC heap after
{Heap after GC invocations=1964 (full 6):
 PSYoungGen      total 2048K, used 1024K [0x00000000eab00000, 0x00000000eb080000, 0x0000000100000000)
  eden space 1024K, 0% used [0x00000000eab00000,0x00000000eab00000,0x00000000eac00000)
  from space 1024K, 100% used [0x00000000eac00000,0x00000000ead00000,0x00000000ead00000)
  to   space 2048K, 0% used [0x00000000eae80000,0x00000000eae80000,0x00000000eb080000)
 ParOldGen       total 438272K, used 438060K [0x00000000c0000000, 0x00000000dac00000, 0x00000000eab00000)
  object space 438272K, 99% used [0x00000000c0000000,0x00000000dabcb320,0x00000000dac00000)
 Metaspace       used 73303K, committed 74880K, reserved 1179648K
  class space    used 7070K, committed 7744K, reserved 1048576K
}
Event: 761.663 GC heap before
{Heap before GC invocations=1965 (full 6):
 PSYoungGen      total 2048K, used 2047K [0x00000000eab00000, 0x00000000eb080000, 0x0000000100000000)
  eden space 1024K, 99% used [0x00000000eab00000,0x00000000eabffff8,0x00000000eac00000)
  from space 1024K, 100% used [0x00000000eac00000,0x00000000ead00000,0x00000000ead00000)
  to   space 2048K, 0% used [0x00000000eae80000,0x00000000eae80000,0x00000000eb080000)
 ParOldGen       total 438272K, used 438060K [0x00000000c0000000, 0x00000000dac00000, 0x00000000eab00000)
  object space 438272K, 99% used [0x00000000c0000000,0x00000000dabcb320,0x00000000dac00000)
 Metaspace       used 73303K, committed 74880K, reserved 1179648K
  class space    used 7070K, committed 7744K, reserved 1048576K
}
Event: 761.669 GC heap after
{Heap after GC invocations=1965 (full 6):
 PSYoungGen      total 2560K, used 768K [0x00000000eab00000, 0x00000000eaf80000, 0x0000000100000000)
  eden space 1536K, 0% used [0x00000000eab00000,0x00000000eab00000,0x00000000eac80000)
  from space 1024K, 75% used [0x00000000eae80000,0x00000000eaf40000,0x00000000eaf80000)
  to   space 1536K, 0% used [0x00000000eac80000,0x00000000eac80000,0x00000000eae00000)
 ParOldGen       total 439296K, used 438956K [0x00000000c0000000, 0x00000000dad00000, 0x00000000eab00000)
  object space 439296K, 99% used [0x00000000c0000000,0x00000000dacab320,0x00000000dad00000)
 Metaspace       used 73303K, committed 74880K, reserved 1179648K
  class space    used 7070K, committed 7744K, reserved 1048576K
}
Event: 761.696 GC heap before
{Heap before GC invocations=1966 (full 6):
 PSYoungGen      total 2560K, used 2304K [0x00000000eab00000, 0x00000000eaf80000, 0x0000000100000000)
  eden space 1536K, 100% used [0x00000000eab00000,0x00000000eac80000,0x00000000eac80000)
  from space 1024K, 75% used [0x00000000eae80000,0x00000000eaf40000,0x00000000eaf80000)
  to   space 1536K, 0% used [0x00000000eac80000,0x00000000eac80000,0x00000000eae00000)
 ParOldGen       total 439296K, used 438956K [0x00000000c0000000, 0x00000000dad00000, 0x00000000eab00000)
  object space 439296K, 99% used [0x00000000c0000000,0x00000000dacab320,0x00000000dad00000)
 Metaspace       used 73303K, committed 74880K, reserved 1179648K
  class space    used 7070K, committed 7744K, reserved 1048576K
}
Event: 761.699 GC heap after
{Heap after GC invocations=1966 (full 6):
 PSYoungGen      total 3072K, used 992K [0x00000000eab00000, 0x00000000eb000000, 0x0000000100000000)
  eden space 1536K, 0% used [0x00000000eab00000,0x00000000eab00000,0x00000000eac80000)
  from space 1536K, 64% used [0x00000000eac80000,0x00000000ead78000,0x00000000eae00000)
  to   space 1536K, 0% used [0x00000000eae80000,0x00000000eae80000,0x00000000eb000000)
 ParOldGen       total 439808K, used 439556K [0x00000000c0000000, 0x00000000dad80000, 0x00000000eab00000)
  object space 439808K, 99% used [0x00000000c0000000,0x00000000dad41320,0x00000000dad80000)
 Metaspace       used 73303K, committed 74880K, reserved 1179648K
  class space    used 7070K, committed 7744K, reserved 1048576K
}
Event: 761.708 GC heap before
{Heap before GC invocations=1967 (full 6):
 PSYoungGen      total 3072K, used 2528K [0x00000000eab00000, 0x00000000eb000000, 0x0000000100000000)
  eden space 1536K, 100% used [0x00000000eab00000,0x00000000eac80000,0x00000000eac80000)
  from space 1536K, 64% used [0x00000000eac80000,0x00000000ead78000,0x00000000eae00000)
  to   space 1536K, 0% used [0x00000000eae80000,0x00000000eae80000,0x00000000eb000000)
 ParOldGen       total 439808K, used 439556K [0x00000000c0000000, 0x00000000dad80000, 0x00000000eab00000)
  object space 439808K, 99% used [0x00000000c0000000,0x00000000dad41320,0x00000000dad80000)
 Metaspace       used 73303K, committed 74880K, reserved 1179648K
  class space    used 7070K, committed 7744K, reserved 1048576K
}
Event: 761.713 GC heap after
{Heap after GC invocations=1967 (full 6):
 PSYoungGen      total 3584K, used 1184K [0x00000000eab00000, 0x00000000eb000000, 0x0000000100000000)
  eden space 2048K, 0% used [0x00000000eab00000,0x00000000eab00000,0x00000000ead00000)
  from space 1536K, 77% used [0x00000000eae80000,0x00000000eafa8000,0x00000000eb000000)
  to   space 1536K, 0% used [0x00000000ead00000,0x00000000ead00000,0x00000000eae80000)
 ParOldGen       total 440832K, used 440332K [0x00000000c0000000, 0x00000000dae80000, 0x00000000eab00000)
  object space 440832K, 99% used [0x00000000c0000000,0x00000000dae03320,0x00000000dae80000)
 Metaspace       used 73303K, committed 74880K, reserved 1179648K
  class space    used 7070K, committed 7744K, reserved 1048576K
}
Event: 761.740 GC heap before
{Heap before GC invocations=1968 (full 6):
 PSYoungGen      total 3584K, used 3232K [0x00000000eab00000, 0x00000000eb000000, 0x0000000100000000)
  eden space 2048K, 100% used [0x00000000eab00000,0x00000000ead00000,0x00000000ead00000)
  from space 1536K, 77% used [0x00000000eae80000,0x00000000eafa8000,0x00000000eb000000)
  to   space 1536K, 0% used [0x00000000ead00000,0x00000000ead00000,0x00000000eae80000)
 ParOldGen       total 440832K, used 440332K [0x00000000c0000000, 0x00000000dae80000, 0x00000000eab00000)
  object space 440832K, 99% used [0x00000000c0000000,0x00000000dae03320,0x00000000dae80000)
 Metaspace       used 73303K, committed 74880K, reserved 1179648K
  class space    used 7070K, committed 7744K, reserved 1048576K
}
Event: 761.755 GC heap after
{Heap after GC invocations=1968 (full 6):
 PSYoungGen      total 3584K, used 1184K [0x00000000eab00000, 0x00000000eb080000, 0x0000000100000000)
  eden space 2048K, 0% used [0x00000000eab00000,0x00000000eab00000,0x00000000ead00000)
  from space 1536K, 77% used [0x00000000ead00000,0x00000000eae28000,0x00000000eae80000)
  to   space 1536K, 0% used [0x00000000eaf00000,0x00000000eaf00000,0x00000000eb080000)
 ParOldGen       total 441344K, used 441292K [0x00000000c0000000, 0x00000000daf00000, 0x00000000eab00000)
  object space 441344K, 99% used [0x00000000c0000000,0x00000000daef3320,0x00000000daf00000)
 Metaspace       used 73303K, committed 74880K, reserved 1179648K
  class space    used 7070K, committed 7744K, reserved 1048576K
}
Event: 761.782 GC heap before
{Heap before GC invocations=1969 (full 6):
 PSYoungGen      total 3584K, used 3232K [0x00000000eab00000, 0x00000000eb080000, 0x0000000100000000)
  eden space 2048K, 100% used [0x00000000eab00000,0x00000000ead00000,0x00000000ead00000)
  from space 1536K, 77% used [0x00000000ead00000,0x00000000eae28000,0x00000000eae80000)
  to   space 1536K, 0% used [0x00000000eaf00000,0x00000000eaf00000,0x00000000eb080000)
 ParOldGen       total 441344K, used 441292K [0x00000000c0000000, 0x00000000daf00000, 0x00000000eab00000)
  object space 441344K, 99% used [0x00000000c0000000,0x00000000daef3320,0x00000000daf00000)
 Metaspace       used 73304K, committed 74880K, reserved 1179648K
  class space    used 7070K, committed 7744K, reserved 1048576K
}
Event: 761.789 GC heap after
{Heap after GC invocations=1969 (full 6):
 PSYoungGen      total 4096K, used 1376K [0x00000000eab00000, 0x00000000eb080000, 0x0000000100000000)
  eden space 2560K, 0% used [0x00000000eab00000,0x00000000eab00000,0x00000000ead80000)
  from space 1536K, 89% used [0x00000000eaf00000,0x00000000eb058000,0x00000000eb080000)
  to   space 1536K, 0% used [0x00000000ead80000,0x00000000ead80000,0x00000000eaf00000)
 ParOldGen       total 442368K, used 442012K [0x00000000c0000000, 0x00000000db000000, 0x00000000eab00000)
  object space 442368K, 99% used [0x00000000c0000000,0x00000000dafa7320,0x00000000db000000)
 Metaspace       used 73304K, committed 74880K, reserved 1179648K
  class space    used 7070K, committed 7744K, reserved 1048576K
}
Event: 761.815 GC heap before
{Heap before GC invocations=1970 (full 6):
 PSYoungGen      total 4096K, used 3936K [0x00000000eab00000, 0x00000000eb080000, 0x0000000100000000)
  eden space 2560K, 100% used [0x00000000eab00000,0x00000000ead80000,0x00000000ead80000)
  from space 1536K, 89% used [0x00000000eaf00000,0x00000000eb058000,0x00000000eb080000)
  to   space 1536K, 0% used [0x00000000ead80000,0x00000000ead80000,0x00000000eaf00000)
 ParOldGen       total 442368K, used 442012K [0x00000000c0000000, 0x00000000db000000, 0x00000000eab00000)
  object space 442368K, 99% used [0x00000000c0000000,0x00000000dafa7320,0x00000000db000000)
 Metaspace       used 73305K, committed 74880K, reserved 1179648K
  class space    used 7070K, committed 7744K, reserved 1048576K
}
Event: 761.823 GC heap after
{Heap after GC invocations=1970 (full 6):
 PSYoungGen      total 4096K, used 1536K [0x00000000eab00000, 0x00000000eb400000, 0x0000000100000000)
  eden space 2560K, 0% used [0x00000000eab00000,0x00000000eab00000,0x00000000ead80000)
  from space 1536K, 100% used [0x00000000ead80000,0x00000000eaf00000,0x00000000eaf00000)
  to   space 3072K, 0% used [0x00000000eb100000,0x00000000eb100000,0x00000000eb400000)
 ParOldGen       total 443392K, used 443072K [0x00000000c0000000, 0x00000000db100000, 0x00000000eab00000)
  object space 443392K, 99% used [0x00000000c0000000,0x00000000db0b0360,0x00000000db100000)
 Metaspace       used 73305K, committed 74880K, reserved 1179648K
  class space    used 7070K, committed 7744K, reserved 1048576K
}
Event: 761.875 GC heap before
{Heap before GC invocations=1971 (full 6):
 PSYoungGen      total 4096K, used 4096K [0x00000000eab00000, 0x00000000eb400000, 0x0000000100000000)
  eden space 2560K, 100% used [0x00000000eab00000,0x00000000ead80000,0x00000000ead80000)
  from space 1536K, 100% used [0x00000000ead80000,0x00000000eaf00000,0x00000000eaf00000)
  to   space 3072K, 0% used [0x00000000eb100000,0x00000000eb100000,0x00000000eb400000)
 ParOldGen       total 443392K, used 443072K [0x00000000c0000000, 0x00000000db100000, 0x00000000eab00000)
  object space 443392K, 99% used [0x00000000c0000000,0x00000000db0b0360,0x00000000db100000)
 Metaspace       used 73306K, committed 74880K, reserved 1179648K
  class space    used 7070K, committed 7744K, reserved 1048576K
}
Event: 761.883 GC heap after
{Heap after GC invocations=1971 (full 6):
 PSYoungGen      total 4608K, used 1072K [0x00000000eab00000, 0x00000000eb280000, 0x0000000100000000)
  eden space 3072K, 0% used [0x00000000eab00000,0x00000000eab00000,0x00000000eae00000)
  from space 1536K, 69% used [0x00000000eb100000,0x00000000eb20c010,0x00000000eb280000)
  to   space 2048K, 0% used [0x00000000eae80000,0x00000000eae80000,0x00000000eb080000)
 ParOldGen       total 445952K, used 445518K [0x00000000c0000000, 0x00000000db380000, 0x00000000eab00000)
  object space 445952K, 99% used [0x00000000c0000000,0x00000000db313ae0,0x00000000db380000)
 Metaspace       used 73306K, committed 74880K, reserved 1179648K
  class space    used 7070K, committed 7744K, reserved 1048576K
}
Event: 761.942 GC heap before
{Heap before GC invocations=1972 (full 6):
 PSYoungGen      total 4608K, used 4144K [0x00000000eab00000, 0x00000000eb280000, 0x0000000100000000)
  eden space 3072K, 100% used [0x00000000eab00000,0x00000000eae00000,0x00000000eae00000)
  from space 1536K, 69% used [0x00000000eb100000,0x00000000eb20c010,0x00000000eb280000)
  to   space 2048K, 0% used [0x00000000eae80000,0x00000000eae80000,0x00000000eb080000)
 ParOldGen       total 445952K, used 445518K [0x00000000c0000000, 0x00000000db380000, 0x00000000eab00000)
  object space 445952K, 99% used [0x00000000c0000000,0x00000000db313ae0,0x00000000db380000)
 Metaspace       used 73325K, committed 74880K, reserved 1179648K
  class space    used 7070K, committed 7744K, reserved 1048576K
}
Event: 761.946 GC heap after
{Heap after GC invocations=1972 (full 6):
 PSYoungGen      total 4608K, used 1168K [0x00000000eab00000, 0x00000000eb180000, 0x0000000100000000)
  eden space 3072K, 0% used [0x00000000eab00000,0x00000000eab00000,0x00000000eae00000)
  from space 1536K, 76% used [0x00000000eae80000,0x00000000eafa4010,0x00000000eb000000)
  to   space 1536K, 0% used [0x00000000eb000000,0x00000000eb000000,0x00000000eb180000)
 ParOldGen       total 446464K, used 446302K [0x00000000c0000000, 0x00000000db400000, 0x00000000eab00000)
  object space 446464K, 99% used [0x00000000c0000000,0x00000000db3d7b00,0x00000000db400000)
 Metaspace       used 73325K, committed 74880K, reserved 1179648K
  class space    used 7070K, committed 7744K, reserved 1048576K
}

