# JRE version: Java(TM) SE Runtime Environment (17.0.2+8) (build 17.0.2+8-LTS-86)
# Java VM: Java HotSpot(TM) 64-Bit Server VM (17.0.2+8-LTS-86, mixed mode, sharing, tiered, compressed oops, compressed class ptrs, g1 gc, windows-amd64)
GC Precious Log:
 CPUs: 16 total, 16 available
 Memory: 15742M
 Large Page Support: Disabled
 NUMA Support: Disabled
 Compressed Oops: Enabled (Zero based)
 Heap Region Size: 2M
 Heap Min Capacity: 8M
 Heap Initial Capacity: 246M
 Heap Max Capacity: 3936M
 Pre-touch: Disabled
 Parallel Workers: 13
 Concurrent Workers: 3
 Concurrent Refinement Workers: 13
 Periodic GC: Disabled
Heap:
 garbage-first heap   total 217088K, used 111184K [0x000000070a000000, 0x0000000800000000)
  region size 2048K, 33 young (67584K), 4 survivors (8192K)
 Metaspace       used 29938K, committed 30272K, reserved 1081344K
  class space    used 3142K, committed 3328K, reserved 1048576K
GC Heap History (20 events):
Event: 12.584 GC heap before
{Heap before GC invocations=11 (full 0):
 garbage-first heap   total 137216K, used 93934K [0x000000070a000000, 0x0000000800000000)
  region size 2048K, 24 young (49152K), 1 survivors (2048K)
 Metaspace       used 26682K, committed 27008K, reserved 1073152K
  class space    used 2861K, committed 3072K, reserved 1048576K
}
Event: 12.586 GC heap after
{Heap after GC invocations=12 (full 0):
 garbage-first heap   total 137216K, used 45976K [0x000000070a000000, 0x0000000800000000)
  region size 2048K, 1 young (2048K), 1 survivors (2048K)
 Metaspace       used 26682K, committed 27008K, reserved 1073152K
  class space    used 2861K, committed 3072K, reserved 1048576K
}
Event: 12.872 GC heap before
{Heap before GC invocations=12 (full 0):
 garbage-first heap   total 137216K, used 95128K [0x000000070a000000, 0x0000000800000000)
  region size 2048K, 25 young (51200K), 1 survivors (2048K)
 Metaspace       used 26913K, committed 27264K, reserved 1081344K
  class space    used 2890K, committed 3072K, reserved 1048576K
}
Event: 12.874 GC heap after
{Heap after GC invocations=13 (full 0):
 garbage-first heap   total 137216K, used 46600K [0x000000070a000000, 0x0000000800000000)
  region size 2048K, 1 young (2048K), 1 survivors (2048K)
 Metaspace       used 26913K, committed 27264K, reserved 1081344K
  class space    used 2890K, committed 3072K, reserved 1048576K
}
Event: 13.065 GC heap before
{Heap before GC invocations=13 (full 0):
 garbage-first heap   total 137216K, used 99848K [0x000000070a000000, 0x0000000800000000)
  region size 2048K, 27 young (55296K), 1 survivors (2048K)
 Metaspace       used 26978K, committed 27328K, reserved 1081344K
  class space    used 2895K, committed 3072K, reserved 1048576K
}
Event: 13.069 GC heap after
{Heap after GC invocations=14 (full 0):
 garbage-first heap   total 137216K, used 47496K [0x000000070a000000, 0x0000000800000000)
  region size 2048K, 2 young (4096K), 2 survivors (4096K)
 Metaspace       used 26978K, committed 27328K, reserved 1081344K
  class space    used 2895K, committed 3072K, reserved 1048576K
}
Event: 13.230 GC heap before
{Heap before GC invocations=14 (full 0):
 garbage-first heap   total 137216K, used 102792K [0x000000070a000000, 0x0000000800000000)
  region size 2048K, 29 young (59392K), 2 survivors (4096K)
 Metaspace       used 27065K, committed 27456K, reserved 1081344K
  class space    used 2897K, committed 3072K, reserved 1048576K
}
Event: 13.236 GC heap after
{Heap after GC invocations=15 (full 0):
 garbage-first heap   total 137216K, used 48489K [0x000000070a000000, 0x0000000800000000)
  region size 2048K, 2 young (4096K), 2 survivors (4096K)
 Metaspace       used 27065K, committed 27456K, reserved 1081344K
  class space    used 2897K, committed 3072K, reserved 1048576K
}
Event: 13.413 GC heap before
{Heap before GC invocations=15 (full 0):
 garbage-first heap   total 137216K, used 105833K [0x000000070a000000, 0x0000000800000000)
  region size 2048K, 30 young (61440K), 2 survivors (4096K)
 Metaspace       used 27101K, committed 27520K, reserved 1081344K
  class space    used 2901K, committed 3136K, reserved 1048576K
}
Event: 13.421 GC heap after
{Heap after GC invocations=16 (full 0):
 garbage-first heap   total 137216K, used 49476K [0x000000070a000000, 0x0000000800000000)
  region size 2048K, 3 young (6144K), 3 survivors (6144K)
 Metaspace       used 27101K, committed 27520K, reserved 1081344K
  class space    used 2901K, committed 3136K, reserved 1048576K
}
Event: 13.575 GC heap before
{Heap before GC invocations=16 (full 0):
 garbage-first heap   total 137216K, used 106820K [0x000000070a000000, 0x0000000800000000)
  region size 2048K, 31 young (63488K), 3 survivors (6144K)
 Metaspace       used 27147K, committed 27584K, reserved 1081344K
  class space    used 2903K, committed 3136K, reserved 1048576K
}
Event: 13.583 GC heap after
{Heap after GC invocations=17 (full 0):
 garbage-first heap   total 165888K, used 50486K [0x000000070a000000, 0x0000000800000000)
  region size 2048K, 3 young (6144K), 3 survivors (6144K)
 Metaspace       used 27147K, committed 27584K, reserved 1081344K
  class space    used 2903K, committed 3136K, reserved 1048576K
}
Event: 13.803 GC heap before
{Heap before GC invocations=17 (full 0):
 garbage-first heap   total 165888K, used 130358K [0x000000070a000000, 0x0000000800000000)
  region size 2048K, 42 young (86016K), 3 survivors (6144K)
 Metaspace       used 27149K, committed 27584K, reserved 1081344K
  class space    used 2903K, committed 3136K, reserved 1048576K
}
Event: 13.809 GC heap after
{Heap after GC invocations=18 (full 0):
 garbage-first heap   total 165888K, used 51650K [0x000000070a000000, 0x0000000800000000)
  region size 2048K, 4 young (8192K), 4 survivors (8192K)
 Metaspace       used 27149K, committed 27584K, reserved 1081344K
  class space    used 2903K, committed 3136K, reserved 1048576K
}
Event: 14.217 GC heap before
{Heap before GC invocations=18 (full 0):
 garbage-first heap   total 165888K, used 131522K [0x000000070a000000, 0x0000000800000000)
  region size 2048K, 43 young (88064K), 4 survivors (8192K)
 Metaspace       used 27230K, committed 27648K, reserved 1081344K
  class space    used 2905K, committed 3136K, reserved 1048576K
}
Event: 14.229 GC heap after
{Heap after GC invocations=19 (full 0):
 garbage-first heap   total 165888K, used 53126K [0x000000070a000000, 0x0000000800000000)
  region size 2048K, 4 young (8192K), 4 survivors (8192K)
 Metaspace       used 27230K, committed 27648K, reserved 1081344K
  class space    used 2905K, committed 3136K, reserved 1048576K
}
Event: 14.620 GC heap before
{Heap before GC invocations=19 (full 0):
 garbage-first heap   total 165888K, used 135046K [0x000000070a000000, 0x0000000800000000)
  region size 2048K, 44 young (90112K), 4 survivors (8192K)
 Metaspace       used 27301K, committed 27712K, reserved 1081344K
  class space    used 2905K, committed 3136K, reserved 1048576K
}
Event: 14.632 GC heap after
{Heap after GC invocations=20 (full 0):
 garbage-first heap   total 165888K, used 53050K [0x000000070a000000, 0x0000000800000000)
  region size 2048K, 4 young (8192K), 4 survivors (8192K)
 Metaspace       used 27301K, committed 27712K, reserved 1081344K
  class space    used 2905K, committed 3136K, reserved 1048576K
}
Event: 15.888 GC heap before
{Heap before GC invocations=20 (full 0):
 garbage-first heap   total 165888K, used 132922K [0x000000070a000000, 0x0000000800000000)
  region size 2048K, 43 young (88064K), 4 survivors (8192K)
 Metaspace       used 29072K, committed 29440K, reserved 1081344K
  class space    used 3068K, committed 3264K, reserved 1048576K
}
Event: 15.901 GC heap after
{Heap after GC invocations=21 (full 0):
 garbage-first heap   total 217088K, used 53840K [0x000000070a000000, 0x0000000800000000)
  region size 2048K, 4 young (8192K), 4 survivors (8192K)
 Metaspace       used 29072K, committed 29440K, reserved 1081344K
  class space    used 3068K, committed 3264K, reserved 1048576K
}

