# JRE version: Java(TM) SE Runtime Environment (17.0.2+8) (build 17.0.2+8-LTS-86)
# Java VM: Java HotSpot(TM) 64-Bit Server VM (17.0.2+8-LTS-86, mixed mode, sharing, tiered, compressed oops, compressed class ptrs, g1 gc, windows-amd64)
GC Precious Log:
 CPUs: 16 total, 16 available
 Memory: 15742M
 Large Page Support: Disabled
 NUMA Support: Disabled
 Compressed Oops: Enabled (Zero based)
 Heap Region Size: 2M
 Heap Min Capacity: 8M
 Heap Initial Capacity: 246M
 Heap Max Capacity: 3936M
 Pre-touch: Disabled
 Parallel Workers: 13
 Concurrent Workers: 3
 Concurrent Refinement Workers: 13
 Periodic GC: Disabled
Heap:
 garbage-first heap   total 184320K, used 78373K [0x000000070a000000, 0x0000000800000000)
  region size 2048K, 18 young (36864K), 5 survivors (10240K)
 Metaspace       used 29992K, committed 30336K, reserved 1081344K
  class space    used 3142K, committed 3328K, reserved 1048576K
GC Heap History (20 events):
Event: 11.873 GC heap before
{Heap before GC invocations=14 (full 0):
 garbage-first heap   total 94208K, used 70403K [0x000000070a000000, 0x0000000800000000)
  region size 2048K, 13 young (26624K), 1 survivors (2048K)
 Metaspace       used 26523K, committed 26816K, reserved 1073152K
  class space    used 2835K, committed 3008K, reserved 1048576K
}
Event: 11.878 GC heap after
{Heap after GC invocations=15 (full 0):
 garbage-first heap   total 94208K, used 45950K [0x000000070a000000, 0x0000000800000000)
  region size 2048K, 1 young (2048K), 1 survivors (2048K)
 Metaspace       used 26523K, committed 26816K, reserved 1073152K
  class space    used 2835K, committed 3008K, reserved 1048576K
}
Event: 12.395 GC heap before
{Heap before GC invocations=15 (full 0):
 garbage-first heap   total 94208K, used 72574K [0x000000070a000000, 0x0000000800000000)
  region size 2048K, 14 young (28672K), 1 survivors (2048K)
 Metaspace       used 26797K, committed 27200K, reserved 1073152K
  class space    used 2877K, committed 3072K, reserved 1048576K
}
Event: 12.401 GC heap after
{Heap after GC invocations=16 (full 0):
 garbage-first heap   total 94208K, used 46050K [0x000000070a000000, 0x0000000800000000)
  region size 2048K, 1 young (2048K), 1 survivors (2048K)
 Metaspace       used 26797K, committed 27200K, reserved 1073152K
  class space    used 2877K, committed 3072K, reserved 1048576K
}
Event: 12.570 GC heap before
{Heap before GC invocations=17 (full 0):
 garbage-first heap   total 94208K, used 74722K [0x000000070a000000, 0x0000000800000000)
  region size 2048K, 15 young (30720K), 1 survivors (2048K)
 Metaspace       used 26920K, committed 27264K, reserved 1081344K
  class space    used 2892K, committed 3072K, reserved 1048576K
}
Event: 12.577 GC heap after
{Heap after GC invocations=18 (full 0):
 garbage-first heap   total 114688K, used 46416K [0x000000070a000000, 0x0000000800000000)
  region size 2048K, 2 young (4096K), 2 survivors (4096K)
 Metaspace       used 26920K, committed 27264K, reserved 1081344K
  class space    used 2892K, committed 3072K, reserved 1048576K
}
Event: 12.740 GC heap before
{Heap before GC invocations=18 (full 0):
 garbage-first heap   total 114688K, used 89424K [0x000000070a000000, 0x0000000800000000)
  region size 2048K, 23 young (47104K), 2 survivors (4096K)
 Metaspace       used 26972K, committed 27328K, reserved 1081344K
  class space    used 2893K, committed 3072K, reserved 1048576K
}
Event: 12.748 GC heap after
{Heap after GC invocations=19 (full 0):
 garbage-first heap   total 114688K, used 47346K [0x000000070a000000, 0x0000000800000000)
  region size 2048K, 2 young (4096K), 2 survivors (4096K)
 Metaspace       used 26972K, committed 27328K, reserved 1081344K
  class space    used 2893K, committed 3072K, reserved 1048576K
}
Event: 12.893 GC heap before
{Heap before GC invocations=19 (full 0):
 garbage-first heap   total 114688K, used 92402K [0x000000070a000000, 0x0000000800000000)
  region size 2048K, 24 young (49152K), 2 survivors (4096K)
 Metaspace       used 27032K, committed 27392K, reserved 1081344K
  class space    used 2897K, committed 3072K, reserved 1048576K
}
Event: 12.902 GC heap after
{Heap after GC invocations=20 (full 0):
 garbage-first heap   total 114688K, used 47974K [0x000000070a000000, 0x0000000800000000)
  region size 2048K, 2 young (4096K), 2 survivors (4096K)
 Metaspace       used 27032K, committed 27392K, reserved 1081344K
  class space    used 2897K, committed 3072K, reserved 1048576K
}
Event: 13.006 GC heap before
{Heap before GC invocations=20 (full 0):
 garbage-first heap   total 114688K, used 90982K [0x000000070a000000, 0x0000000800000000)
  region size 2048K, 23 young (47104K), 2 survivors (4096K)
 Metaspace       used 27081K, committed 27456K, reserved 1081344K
  class space    used 2897K, committed 3072K, reserved 1048576K
}
Event: 13.013 GC heap after
{Heap after GC invocations=21 (full 0):
 garbage-first heap   total 114688K, used 48616K [0x000000070a000000, 0x0000000800000000)
  region size 2048K, 2 young (4096K), 2 survivors (4096K)
 Metaspace       used 27081K, committed 27456K, reserved 1081344K
  class space    used 2897K, committed 3072K, reserved 1048576K
}
Event: 13.146 GC heap before
{Heap before GC invocations=21 (full 0):
 garbage-first heap   total 114688K, used 93672K [0x000000070a000000, 0x0000000800000000)
  region size 2048K, 24 young (49152K), 2 survivors (4096K)
 Metaspace       used 27109K, committed 27520K, reserved 1081344K
  class space    used 2900K, committed 3136K, reserved 1048576K
}
Event: 13.156 GC heap after
{Heap after GC invocations=22 (full 0):
 garbage-first heap   total 184320K, used 49125K [0x000000070a000000, 0x0000000800000000)
  region size 2048K, 2 young (4096K), 2 survivors (4096K)
 Metaspace       used 27109K, committed 27520K, reserved 1081344K
  class space    used 2900K, committed 3136K, reserved 1048576K
}
Event: 13.582 GC heap before
{Heap before GC invocations=22 (full 0):
 garbage-first heap   total 184320K, used 151525K [0x000000070a000000, 0x0000000800000000)
  region size 2048K, 52 young (106496K), 2 survivors (4096K)
 Metaspace       used 27204K, committed 27584K, reserved 1081344K
  class space    used 2906K, committed 3136K, reserved 1048576K
}
Event: 13.588 GC heap after
{Heap after GC invocations=23 (full 0):
 garbage-first heap   total 184320K, used 50289K [0x000000070a000000, 0x0000000800000000)
  region size 2048K, 3 young (6144K), 3 survivors (6144K)
 Metaspace       used 27204K, committed 27584K, reserved 1081344K
  class space    used 2906K, committed 3136K, reserved 1048576K
}
Event: 14.231 GC heap before
{Heap before GC invocations=23 (full 0):
 garbage-first heap   total 184320K, used 152689K [0x000000070a000000, 0x0000000800000000)
  region size 2048K, 53 young (108544K), 3 survivors (6144K)
 Metaspace       used 27320K, committed 27712K, reserved 1081344K
  class space    used 2906K, committed 3136K, reserved 1048576K
}
Event: 14.238 GC heap after
{Heap after GC invocations=24 (full 0):
 garbage-first heap   total 184320K, used 51493K [0x000000070a000000, 0x0000000800000000)
  region size 2048K, 3 young (6144K), 3 survivors (6144K)
 Metaspace       used 27320K, committed 27712K, reserved 1081344K
  class space    used 2906K, committed 3136K, reserved 1048576K
}
Event: 17.481 GC heap before
{Heap before GC invocations=24 (full 0):
 garbage-first heap   total 184320K, used 155941K [0x000000070a000000, 0x0000000800000000)
  region size 2048K, 54 young (110592K), 3 survivors (6144K)
 Metaspace       used 29879K, committed 30208K, reserved 1081344K
  class space    used 3140K, committed 3328K, reserved 1048576K
}
Event: 17.494 GC heap after
{Heap after GC invocations=25 (full 0):
 garbage-first heap   total 184320K, used 53797K [0x000000070a000000, 0x0000000800000000)
  region size 2048K, 5 young (10240K), 5 survivors (10240K)
 Metaspace       used 29879K, committed 30208K, reserved 1081344K
  class space    used 3140K, committed 3328K, reserved 1048576K
}

